#
# There is insufficient memory for the Java Runtime Environment to continue.
# Native memory allocation (malloc) failed to allocate 75216 bytes for Chunk::new
# Possible reasons:
#   The system is out of physical RAM or swap space
#   The process is running with CompressedOops enabled, and the Java Heap may be blocking the growth of the native heap
# Possible solutions:
#   Reduce memory load on the system
#   Increase physical memory or swap space
#   Check if swap backing store is full
#   Decrease Java heap size (-Xmx/-Xms)
#   Decrease number of Java threads
#   Decrease Java thread stack sizes (-Xss)
#   Set larger code cache with -XX:ReservedCodeCacheSize=
#   JVM is running with Unscaled Compressed Oops mode in which the Java heap is
#     placed in the first 4GB address space. The Java Heap base address is the
#     maximum limit for the native heap growth. Please use -XX:HeapBaseMinAddress
#     to set the Java Heap base and to place the Java Heap above 4GB virtual address.
# This output file may be truncated or incomplete.
#
#  Out of Memory Error (allocation.cpp:389), pid=10112, tid=0x0000000000000aa4
#
# JRE version: OpenJDK Runtime Environment (8.0_212-b04) (build 1.8.0_212-b04)
# Java VM: OpenJDK 64-Bit Server VM (25.212-b04 mixed mode windows-amd64 compressed oops)
# Failed to write core dump. Minidumps are not enabled by default on client versions of Windows
#

---------------  T H R E A D  ---------------

Current thread (0x0000019c1dc6d800):  JavaThread "C2 CompilerThread0" daemon [_thread_in_native, id=2724, stack(0x00000071b5000000,0x00000071b5100000)]

Stack: [0x00000071b5000000,0x00000071b5100000]
[error occurred during error reporting (printing stack bounds), id 0xc0000005]

Native frames: (J=compiled Java code, j=interpreted, Vv=VM code, C=native code)


Current CompileTask:
C2:  20808 2284       4       com.jme3.renderer.opengl.GLRenderer::bindProgram (64 bytes)


---------------  P R O C E S S  ---------------

Java Threads: ( => current thread )
  0x0000019c2b03c800 JavaThread "LWJGL Timer" daemon [_thread_blocked, id=3064, stack(0x00000071b6200000,0x00000071b6300000)]
  0x0000019c1f902000 JavaThread "AWT-EventQueue-0" [_thread_blocked, id=11200, stack(0x00000071b5900000,0x00000071b5a00000)]
  0x0000019c1f5d3800 JavaThread "AWT-Shutdown" [_thread_blocked, id=4488, stack(0x00000071b5700000,0x00000071b5800000)]
  0x0000019c2a9bd800 JavaThread "jME3 Audio Decoder" daemon [_thread_blocked, id=10596, stack(0x00000071b6100000,0x00000071b6200000)]
  0x0000019c06fd8000 JavaThread "DestroyJavaVM" [_thread_blocked, id=1452, stack(0x00000071b4200000,0x00000071b4300000)]
  0x0000019c1f9e1800 JavaThread "jME3 Main" [_thread_in_Java, id=1804, stack(0x00000071b5c00000,0x00000071b5d00000)]
  0x0000019c1f7ec800 JavaThread "TimerQueue" daemon [_thread_blocked, id=5144, stack(0x00000071b5b00000,0x00000071b5c00000)]
  0x0000019c1f5ee800 JavaThread "AWT-Windows" daemon [_thread_in_native, id=7672, stack(0x00000071b5800000,0x00000071b5900000)]
  0x0000019c1f64e000 JavaThread "Java2D Disposer" daemon [_thread_blocked, id=9864, stack(0x00000071b5600000,0x00000071b5700000)]
  0x0000019c1f028800 JavaThread "Service Thread" daemon [_thread_blocked, id=888, stack(0x00000071b5400000,0x00000071b5500000)]
  0x0000019c1dc78000 JavaThread "C1 CompilerThread3" daemon [_thread_blocked, id=8168, stack(0x00000071b5300000,0x00000071b5400000)]
  0x0000019c1dc74000 JavaThread "C2 CompilerThread2" daemon [_thread_blocked, id=8876, stack(0x00000071b5200000,0x00000071b5300000)]
  0x0000019c1dc73800 JavaThread "C2 CompilerThread1" daemon [_thread_blocked, id=12640, stack(0x00000071b5100000,0x00000071b5200000)]
=>0x0000019c1dc6d800 JavaThread "C2 CompilerThread0" daemon [_thread_in_native, id=2724, stack(0x00000071b5000000,0x00000071b5100000)]
  0x0000019c1dc6c000 JavaThread "Attach Listener" daemon [_thread_blocked, id=11132, stack(0x00000071b4f00000,0x00000071b5000000)]
  0x0000019c1dc66000 JavaThread "Signal Dispatcher" daemon [_thread_blocked, id=1192, stack(0x00000071b4e00000,0x00000071b4f00000)]
  0x0000019c1dc41800 JavaThread "Finalizer" daemon [_thread_blocked, id=8404, stack(0x00000071b4d00000,0x00000071b4e00000)]
  0x0000019c1dc37000 JavaThread "Reference Handler" daemon [_thread_blocked, id=7092, stack(0x00000071b4c00000,0x00000071b4d00000)]

Other Threads:
  0x0000019c1d03c000 VMThread [stack: 0x00000071b4b00000,0x00000071b4c00000] [id=10756]
  0x0000019c1f03a000 WatcherThread [stack: 0x00000071b5500000,0x00000071b5600000] [id=13240]

VM state:not at safepoint (normal execution)

VM Mutex/Monitor currently owned by a thread: None

heap address: 0x0000000081c00000, size: 2020 MB, Compressed Oops mode: 32-bit
Narrow klass base: 0x0000000000000000, Narrow klass shift: 3
Compressed class space size: 1073741824 Address: 0x0000000100000000

Heap:
 PSYoungGen      total 579072K, used 203403K [0x00000000d5f00000, 0x0000000100000000, 0x0000000100000000)
  eden space 521216K, 28% used [0x00000000d5f00000,0x00000000ded89390,0x00000000f5c00000)
  from space 57856K, 99% used [0x00000000f5c00000,0x00000000f9419c50,0x00000000f9480000)
  to   space 87552K, 0% used [0x00000000faa80000,0x00000000faa80000,0x0000000100000000)
 ParOldGen       total 158208K, used 107080K [0x0000000081c00000, 0x000000008b680000, 0x00000000d5f00000)
  object space 158208K, 67% used [0x0000000081c00000,0x0000000088492388,0x000000008b680000)
 Metaspace       used 19832K, capacity 20077K, committed 20224K, reserved 1067008K
  class space    used 2190K, capacity 2262K, committed 2304K, reserved 1048576K

Card table byte_map: [0x0000019c17d70000,0x0000019c18170000] byte_map_base: 0x0000019c17962000

Marking Bits: (ParMarkBitMap*) 0x0000000061271f50
 Begin Bits: [0x0000019c18420000, 0x0000019c1a3b0000)
 End Bits:   [0x0000019c1a3b0000, 0x0000019c1c340000)

Polling page: 0x0000019c07130000

CodeCache: size=245760Kb used=6945Kb max_used=6961Kb free=238814Kb
 bounds [0x0000019c089b0000, 0x0000019c09090000, 0x0000019c179b0000]
 total_blobs=2936 nmethods=2282 adapters=567
 compilation: enabled

Compilation events (10 events):
Event: 20.789 Thread 0x0000019c1dc78000 nmethod 2285 0x0000019c09077a90 code [0x0000019c09077c20, 0x0000019c09078018]
Event: 20.789 Thread 0x0000019c1dc78000 2286       3       java.util.IdentityHashMap$KeySet::iterator (13 bytes)
Event: 20.789 Thread 0x0000019c1dc78000 nmethod 2286 0x0000019c09078210 code [0x0000019c090783a0, 0x0000019c090786d0]
Event: 20.789 Thread 0x0000019c1dc78000 2287   !   3       com.jme3.app.state.AppStateManager::getStates (25 bytes)
Event: 20.789 Thread 0x0000019c1dc78000 nmethod 2287 0x0000019c09078850 code [0x0000019c090789c0, 0x0000019c09078e70]
Event: 20.791 Thread 0x0000019c1dc78000 2288 %     3       java.util.TimSort::binarySort @ 32 (223 bytes)
Event: 20.791 Thread 0x0000019c1dc78000 nmethod 2288% 0x0000019c09079010 code [0x0000019c090791e0, 0x0000019c09079c40]
Event: 20.791 Thread 0x0000019c1dc74000 2289       4       java.util.TimSort::mergeLo (659 bytes)
Event: 20.791 Thread 0x0000019c1dc78000 2290       3       java.util.TimSort::binarySort (223 bytes)
Event: 20.792 Thread 0x0000019c1dc78000 nmethod 2290 0x0000019c0907a0d0 code [0x0000019c0907a2a0, 0x0000019c0907ac80]

GC Heap History (10 events):
Event: 16.465 GC heap before
{Heap before GC invocations=28 (full 5):
 PSYoungGen      total 598528K, used 553984K [0x00000000d5f00000, 0x0000000100000000, 0x0000000100000000)
  eden space 553984K, 100% used [0x00000000d5f00000,0x00000000f7c00000,0x00000000f7c00000)
  from space 44544K, 0% used [0x00000000fd480000,0x00000000fd480000,0x0000000100000000)
  to   space 67584K, 0% used [0x00000000f7c00000,0x00000000f7c00000,0x00000000fbe00000)
 ParOldGen       total 158208K, used 77576K [0x0000000081c00000, 0x000000008b680000, 0x00000000d5f00000)
  object space 158208K, 49% used [0x0000000081c00000,0x00000000867c2388,0x000000008b680000)
 Metaspace       used 19797K, capacity 20013K, committed 20224K, reserved 1067008K
  class space    used 2190K, capacity 2262K, committed 2304K, reserved 1048576K
Event: 16.471 GC heap after
Heap after GC invocations=28 (full 5):
 PSYoungGen      total 621568K, used 22240K [0x00000000d5f00000, 0x0000000100000000, 0x0000000100000000)
  eden space 553984K, 0% used [0x00000000d5f00000,0x00000000d5f00000,0x00000000f7c00000)
  from space 67584K, 32% used [0x00000000f7c00000,0x00000000f91b8000,0x00000000fbe00000)
  to   space 64000K, 0% used [0x00000000fc180000,0x00000000fc180000,0x0000000100000000)
 ParOldGen       total 158208K, used 77576K [0x0000000081c00000, 0x000000008b680000, 0x00000000d5f00000)
  object space 158208K, 49% used [0x0000000081c00000,0x00000000867c2388,0x000000008b680000)
 Metaspace       used 19797K, capacity 20013K, committed 20224K, reserved 1067008K
  class space    used 2190K, capacity 2262K, committed 2304K, reserved 1048576K
}
Event: 17.488 GC heap before
{Heap before GC invocations=29 (full 5):
 PSYoungGen      total 621568K, used 576224K [0x00000000d5f00000, 0x0000000100000000, 0x0000000100000000)
  eden space 553984K, 100% used [0x00000000d5f00000,0x00000000f7c00000,0x00000000f7c00000)
  from space 67584K, 32% used [0x00000000f7c00000,0x00000000f91b8000,0x00000000fbe00000)
  to   space 64000K, 0% used [0x00000000fc180000,0x00000000fc180000,0x0000000100000000)
 ParOldGen       total 158208K, used 77576K [0x0000000081c00000, 0x000000008b680000, 0x00000000d5f00000)
  object space 158208K, 49% used [0x0000000081c00000,0x00000000867c2388,0x000000008b680000)
 Metaspace       used 19811K, capacity 20077K, committed 20224K, reserved 1067008K
  class space    used 2190K, capacity 2262K, committed 2304K, reserved 1048576K
Event: 17.499 GC heap after
Heap after GC invocations=29 (full 5):
 PSYoungGen      total 616960K, used 33991K [0x00000000d5f00000, 0x00000000ffb80000, 0x0000000100000000)
  eden space 557568K, 0% used [0x00000000d5f00000,0x00000000d5f00000,0x00000000f7f80000)
  from space 59392K, 57% used [0x00000000fc180000,0x00000000fe2b1c50,0x00000000ffb80000)
  to   space 63488K, 0% used [0x00000000f7f80000,0x00000000f7f80000,0x00000000fbd80000)
 ParOldGen       total 158208K, used 77576K [0x0000000081c00000, 0x000000008b680000, 0x00000000d5f00000)
  object space 158208K, 49% used [0x0000000081c00000,0x00000000867c2388,0x000000008b680000)
 Metaspace       used 19811K, capacity 20077K, committed 20224K, reserved 1067008K
  class space    used 2190K, capacity 2262K, committed 2304K, reserved 1048576K
}
Event: 18.516 GC heap before
{Heap before GC invocations=30 (full 5):
 PSYoungGen      total 616960K, used 591559K [0x00000000d5f00000, 0x00000000ffb80000, 0x0000000100000000)
  eden space 557568K, 100% used [0x00000000d5f00000,0x00000000f7f80000,0x00000000f7f80000)
  from space 59392K, 57% used [0x00000000fc180000,0x00000000fe2b1c50,0x00000000ffb80000)
  to   space 63488K, 0% used [0x00000000f7f80000,0x00000000f7f80000,0x00000000fbd80000)
 ParOldGen       total 158208K, used 77576K [0x0000000081c00000, 0x000000008b680000, 0x00000000d5f00000)
  object space 158208K, 49% used [0x0000000081c00000,0x00000000867c2388,0x000000008b680000)
 Metaspace       used 19816K, capacity 20077K, committed 20224K, reserved 1067008K
  class space    used 2190K, capacity 2262K, committed 2304K, reserved 1048576K
Event: 18.530 GC heap after
Heap after GC invocations=30 (full 5):
 PSYoungGen      total 613888K, used 55822K [0x00000000d5f00000, 0x0000000100000000, 0x0000000100000000)
  eden space 557568K, 0% used [0x00000000d5f00000,0x00000000d5f00000,0x00000000f7f80000)
  from space 56320K, 99% used [0x00000000f7f80000,0x00000000fb6038a0,0x00000000fb680000)
  to   space 70144K, 0% used [0x00000000fbb80000,0x00000000fbb80000,0x0000000100000000)
 ParOldGen       total 158208K, used 77584K [0x0000000081c00000, 0x000000008b680000, 0x00000000d5f00000)
  object space 158208K, 49% used [0x0000000081c00000,0x00000000867c4388,0x000000008b680000)
 Metaspace       used 19816K, capacity 20077K, committed 20224K, reserved 1067008K
  class space    used 2190K, capacity 2262K, committed 2304K, reserved 1048576K
}
Event: 19.545 GC heap before
{Heap before GC invocations=31 (full 5):
 PSYoungGen      total 613888K, used 613390K [0x00000000d5f00000, 0x0000000100000000, 0x0000000100000000)
  eden space 557568K, 100% used [0x00000000d5f00000,0x00000000f7f80000,0x00000000f7f80000)
  from space 56320K, 99% used [0x00000000f7f80000,0x00000000fb6038a0,0x00000000fb680000)
  to   space 70144K, 0% used [0x00000000fbb80000,0x00000000fbb80000,0x0000000100000000)
 ParOldGen       total 158208K, used 77584K [0x0000000081c00000, 0x000000008b680000, 0x00000000d5f00000)
  object space 158208K, 49% used [0x0000000081c00000,0x00000000867c4388,0x000000008b680000)
 Metaspace       used 19816K, capacity 20077K, committed 20224K, reserved 1067008K
  class space    used 2190K, capacity 2262K, committed 2304K, reserved 1048576K
Event: 19.564 GC heap after
Heap after GC invocations=31 (full 5):
 PSYoungGen      total 591360K, used 70126K [0x00000000d5f00000, 0x0000000100000000, 0x0000000100000000)
  eden space 521216K, 0% used [0x00000000d5f00000,0x00000000d5f00000,0x00000000f5c00000)
  from space 70144K, 99% used [0x00000000fbb80000,0x00000000ffffb8a0,0x0000000100000000)
  to   space 83968K, 0% used [0x00000000f5c00000,0x00000000f5c00000,0x00000000fae00000)
 ParOldGen       total 158208K, used 85008K [0x0000000081c00000, 0x000000008b680000, 0x00000000d5f00000)
  object space 158208K, 53% used [0x0000000081c00000,0x0000000086f04388,0x000000008b680000)
 Metaspace       used 19816K, capacity 20077K, committed 20224K, reserved 1067008K
  class space    used 2190K, capacity 2262K, committed 2304K, reserved 1048576K
}
Event: 20.519 GC heap before
{Heap before GC invocations=32 (full 5):
 PSYoungGen      total 591360K, used 591342K [0x00000000d5f00000, 0x0000000100000000, 0x0000000100000000)
  eden space 521216K, 100% used [0x00000000d5f00000,0x00000000f5c00000,0x00000000f5c00000)
  from space 70144K, 99% used [0x00000000fbb80000,0x00000000ffffb8a0,0x0000000100000000)
  to   space 83968K, 0% used [0x00000000f5c00000,0x00000000f5c00000,0x00000000fae00000)
 ParOldGen       total 158208K, used 85008K [0x0000000081c00000, 0x000000008b680000, 0x00000000d5f00000)
  object space 158208K, 53% used [0x0000000081c00000,0x0000000086f04388,0x000000008b680000)
 Metaspace       used 19828K, capacity 20077K, committed 20224K, reserved 1067008K
  class space    used 2190K, capacity 2262K, committed 2304K, reserved 1048576K
Event: 20.540 GC heap after
Heap after GC invocations=32 (full 5):
 PSYoungGen      total 579072K, used 57447K [0x00000000d5f00000, 0x0000000100000000, 0x0000000100000000)
  eden space 521216K, 0% used [0x00000000d5f00000,0x00000000d5f00000,0x00000000f5c00000)
  from space 57856K, 99% used [0x00000000f5c00000,0x00000000f9419c50,0x00000000f9480000)
  to   space 87552K, 0% used [0x00000000faa80000,0x00000000faa80000,0x0000000100000000)
 ParOldGen       total 158208K, used 107080K [0x0000000081c00000, 0x000000008b680000, 0x00000000d5f00000)
  object space 158208K, 67% used [0x0000000081c00000,0x0000000088492388,0x000000008b680000)
 Metaspace       used 19828K, capacity 20077K, committed 20224K, reserved 1067008K
  class space    used 2190K, capacity 2262K, committed 2304K, reserved 1048576K
}

Deoptimization events (10 events):
Event: 5.547 Thread 0x0000019c1f9e1800 Uncommon trap: reason=unstable_if action=reinterpret pc=0x0000019c08f41abc method=bot.Snake.wallCollide()Z @ 49
Event: 5.547 Thread 0x0000019c1f9e1800 Uncommon trap: reason=unstable_if action=reinterpret pc=0x0000019c08f1d4d8 method=bot.Snake.wallCollide()Z @ 49
Event: 17.816 Thread 0x0000019c1f9e1800 Uncommon trap: reason=predicate action=maybe_recompile pc=0x0000019c0904c000 method=java.util.TimSort.binarySort([Ljava/lang/Object;IIILjava/util/Comparator;)V @ 37
Event: 17.816 Thread 0x0000019c1f9e1800 Uncommon trap: reason=array_check action=maybe_recompile pc=0x0000019c090072a4 method=java.util.TimSort.binarySort([Ljava/lang/Object;IIILjava/util/Comparator;)V @ 193
Event: 17.816 Thread 0x0000019c1f9e1800 Uncommon trap: reason=array_check action=maybe_recompile pc=0x0000019c0902faac method=java.util.TimSort.binarySort([Ljava/lang/Object;IIILjava/util/Comparator;)V @ 215
Event: 17.816 Thread 0x0000019c1f9e1800 Uncommon trap: reason=array_check action=maybe_recompile pc=0x0000019c090071d0 method=java.util.TimSort.binarySort([Ljava/lang/Object;IIILjava/util/Comparator;)V @ 215
Event: 17.816 Thread 0x0000019c1f9e1800 Uncommon trap: reason=array_check action=maybe_recompile pc=0x0000019c0902fbf0 method=java.util.TimSort.binarySort([Ljava/lang/Object;IIILjava/util/Comparator;)V @ 183
Event: 17.816 Thread 0x0000019c1f9e1800 Uncommon trap: reason=array_check action=maybe_recompile pc=0x0000019c0902fbf0 method=java.util.TimSort.binarySort([Ljava/lang/Object;IIILjava/util/Comparator;)V @ 183
Event: 17.817 Thread 0x0000019c1f9e1800 Uncommon trap: reason=array_check action=maybe_recompile pc=0x0000019c090071d0 method=java.util.TimSort.binarySort([Ljava/lang/Object;IIILjava/util/Comparator;)V @ 215
Event: 20.790 Thread 0x0000019c1f9e1800 Uncommon trap: reason=array_check action=maybe_recompile pc=0x0000019c0906e430 method=java.util.TimSort.binarySort([Ljava/lang/Object;IIILjava/util/Comparator;)V @ 215

Classes redefined (0 events):
No events

Internal exceptions (10 events):
Event: 0.189 Thread 0x0000019c06fd8000 Exception <a 'java/lang/ClassNotFoundException': sun/dc/DuctusRenderingEngine> (0x00000000d6354a48) thrown at [C:\cygwin64\tmp\openjdk-jdk8u-windows-x64-hotspot\workspace\build\src\hotspot\src\share\vm\classfile\systemDictionary.cpp, line 210]
Event: 0.223 Thread 0x0000019c1f600000 Exception <a 'java/io/FileNotFoundException'> (0x00000000d6465cf0) thrown at [C:\cygwin64\tmp\openjdk-jdk8u-windows-x64-hotspot\workspace\build\src\hotspot\src\share\vm\prims\jni.cpp, line 710]
Event: 0.252 Thread 0x0000019c1f600000 Exception <a 'java/lang/NoClassDefFoundError'> (0x00000000d6501670) thrown at [C:\cygwin64\tmp\openjdk-jdk8u-windows-x64-hotspot\workspace\build\src\hotspot\src\share\vm\prims\jvm.cpp, line 1506]
Event: 2.122 Thread 0x0000019c1f9e1800 Exception <a 'java/security/PrivilegedActionException'> (0x00000000d6be4698) thrown at [C:\cygwin64\tmp\openjdk-jdk8u-windows-x64-hotspot\workspace\build\src\hotspot\src\share\vm\prims\jvm.cpp, line 1502]
Event: 2.122 Thread 0x0000019c1f9e1800 Exception <a 'java/security/PrivilegedActionException'> (0x00000000d6be6208) thrown at [C:\cygwin64\tmp\openjdk-jdk8u-windows-x64-hotspot\workspace\build\src\hotspot\src\share\vm\prims\jvm.cpp, line 1502]
Event: 2.122 Thread 0x0000019c1f9e1800 Exception <a 'java/security/PrivilegedActionException'> (0x00000000d6be7328) thrown at [C:\cygwin64\tmp\openjdk-jdk8u-windows-x64-hotspot\workspace\build\src\hotspot\src\share\vm\prims\jvm.cpp, line 1502]
Event: 2.122 Thread 0x0000019c1f9e1800 Exception <a 'java/security/PrivilegedActionException'> (0x00000000d6bec448) thrown at [C:\cygwin64\tmp\openjdk-jdk8u-windows-x64-hotspot\workspace\build\src\hotspot\src\share\vm\prims\jvm.cpp, line 1502]
Event: 2.122 Thread 0x0000019c1f9e1800 Exception <a 'java/security/PrivilegedActionException'> (0x00000000d6bed0a0) thrown at [C:\cygwin64\tmp\openjdk-jdk8u-windows-x64-hotspot\workspace\build\src\hotspot\src\share\vm\prims\jvm.cpp, line 1502]
Event: 2.122 Thread 0x0000019c1f9e1800 Exception <a 'java/security/PrivilegedActionException'> (0x00000000d6bedcc8) thrown at [C:\cygwin64\tmp\openjdk-jdk8u-windows-x64-hotspot\workspace\build\src\hotspot\src\share\vm\prims\jvm.cpp, line 1502]
Event: 2.290 Thread 0x0000019c1f9e1800 Implicit null exception at 0x0000019c08e7609a to 0x0000019c08e76141

Events (10 events):
Event: 17.817 Thread 0x0000019c1f9e1800 DEOPT UNPACKING pc=0x0000019c089f5583 sp=0x00000071b5cfef48 mode 2
Event: 18.516 Executing VM operation: ParallelGCFailedAllocation
Event: 18.530 Executing VM operation: ParallelGCFailedAllocation done
Event: 19.545 Executing VM operation: ParallelGCFailedAllocation
Event: 19.564 Executing VM operation: ParallelGCFailedAllocation done
Event: 20.519 Executing VM operation: ParallelGCFailedAllocation
Event: 20.540 Executing VM operation: ParallelGCFailedAllocation done
Event: 20.790 Thread 0x0000019c1f9e1800 Uncommon trap: trap_request=0xffffffd6 fr.pc=0x0000019c0906e430
Event: 20.790 Thread 0x0000019c1f9e1800 DEOPT PACKING pc=0x0000019c0906e430 sp=0x00000071b5cfef80
Event: 20.790 Thread 0x0000019c1f9e1800 DEOPT UNPACKING pc=0x0000019c089f5583 sp=0x00000071b5cfef48 mode 2


Dynamic libraries:
0x00007ff76c880000 - 0x00007ff76c8ba000 	C:\Program Files\jmonkeyplatform\jdk\bin\java.exe
0x00007ff993480000 - 0x00007ff993661000 	C:\Windows\SYSTEM32\ntdll.dll
0x00007ff991ed0000 - 0x00007ff991f81000 	C:\Windows\System32\KERNEL32.DLL
0x00007ff990170000 - 0x00007ff9903e3000 	C:\Windows\System32\KERNELBASE.dll
0x00007ff991090000 - 0x00007ff991131000 	C:\Windows\System32\ADVAPI32.dll
0x00007ff9918d0000 - 0x00007ff99196e000 	C:\Windows\System32\msvcrt.dll
0x00007ff991140000 - 0x00007ff99119b000 	C:\Windows\System32\sechost.dll
0x00007ff9911a0000 - 0x00007ff9912c4000 	C:\Windows\System32\RPCRT4.dll
0x00007ff991c70000 - 0x00007ff991e00000 	C:\Windows\System32\USER32.dll
0x00007ff98f840000 - 0x00007ff98f860000 	C:\Windows\System32\win32u.dll
0x00007ff990900000 - 0x00007ff990928000 	C:\Windows\System32\GDI32.dll
0x00007ff9903f0000 - 0x00007ff990581000 	C:\Windows\System32\gdi32full.dll
0x00007ff990860000 - 0x00007ff9908ff000 	C:\Windows\System32\msvcp_win.dll
0x00007ff98f860000 - 0x00007ff98f958000 	C:\Windows\System32\ucrtbase.dll
0x00007ff97fb20000 - 0x00007ff97fd89000 	C:\Windows\WinSxS\amd64_microsoft.windows.common-controls_6595b64144ccf1df_6.0.17134.1006_none_d3fbb8f77c940c3f\COMCTL32.dll
0x00007ff9915a0000 - 0x00007ff9918c1000 	C:\Windows\System32\combase.dll
0x00007ff9907e0000 - 0x00007ff990859000 	C:\Windows\System32\bcryptPrimitives.dll
0x00007ff991ba0000 - 0x00007ff991bcd000 	C:\Windows\System32\IMM32.DLL
0x00007ff97c540000 - 0x00007ff97c62f000 	C:\Program Files\jmonkeyplatform\jdk\jre\bin\msvcr120.dll
0x00007ff97d7b0000 - 0x00007ff97d856000 	C:\Program Files\jmonkeyplatform\jdk\jre\bin\msvcp120.dll
0x0000000060af0000 - 0x00000000612eb000 	C:\Program Files\jmonkeyplatform\jdk\jre\bin\server\jvm.dll
0x00007ff991f90000 - 0x00007ff991f98000 	C:\Windows\System32\PSAPI.DLL
0x00007ff98d3f0000 - 0x00007ff98d413000 	C:\Windows\SYSTEM32\WINMM.dll
0x00007ff9894c0000 - 0x00007ff9894ca000 	C:\Windows\SYSTEM32\VERSION.dll
0x00007ff97c0a0000 - 0x00007ff97c0a9000 	C:\Windows\SYSTEM32\WSOCK32.dll
0x00007ff991e00000 - 0x00007ff991e6c000 	C:\Windows\System32\WS2_32.dll
0x00007ff98cf10000 - 0x00007ff98cf3a000 	C:\Windows\SYSTEM32\winmmbase.dll
0x00007ff98f960000 - 0x00007ff98f9a9000 	C:\Windows\System32\cfgmgr32.dll
0x00007ff98bbb0000 - 0x00007ff98bbbf000 	C:\Program Files\jmonkeyplatform\jdk\jre\bin\verify.dll
0x00007ff98aa20000 - 0x00007ff98aa48000 	C:\Program Files\jmonkeyplatform\jdk\jre\bin\java.dll
0x00007ff98bac0000 - 0x00007ff98bad6000 	C:\Program Files\jmonkeyplatform\jdk\jre\bin\zip.dll
0x00007ff992000000 - 0x00007ff993442000 	C:\Windows\System32\SHELL32.dll
0x00007ff9914f0000 - 0x00007ff991599000 	C:\Windows\System32\shcore.dll
0x00007ff98f9b0000 - 0x00007ff9900be000 	C:\Windows\System32\windows.storage.dll
0x00007ff991fa0000 - 0x00007ff991ff1000 	C:\Windows\System32\shlwapi.dll
0x00007ff98f7a0000 - 0x00007ff98f7b1000 	C:\Windows\System32\kernel.appcore.dll
0x00007ff98f780000 - 0x00007ff98f79f000 	C:\Windows\System32\profapi.dll
0x00007ff98f7d0000 - 0x00007ff98f81c000 	C:\Windows\System32\powrprof.dll
0x00007ff98f7c0000 - 0x00007ff98f7ca000 	C:\Windows\System32\FLTLIB.DLL
0x00007ff97c8c0000 - 0x00007ff97ca55000 	C:\Program Files\jmonkeyplatform\jdk\jre\bin\awt.dll
0x00007ff9913c0000 - 0x00007ff991482000 	C:\Windows\System32\OLEAUT32.dll
0x00007ff98d620000 - 0x00007ff98d6ab000 	C:\Windows\SYSTEM32\apphelp.dll
0x00007ff98d880000 - 0x00007ff98d918000 	C:\Windows\system32\uxtheme.dll
0x00007ff991a20000 - 0x00007ff991b93000 	C:\Windows\System32\MSCTF.dll
0x00007ff98db20000 - 0x00007ff98db49000 	C:\Windows\system32\dwmapi.dll
0x00007ff990f20000 - 0x00007ff991071000 	C:\Windows\System32\ole32.dll
0x00007ff96be30000 - 0x00007ff96bf50000 	C:\Windows\system32\opengl32.dll
0x00007ff96dc30000 - 0x00007ff96dc5c000 	C:\Windows\SYSTEM32\GLU32.dll
0x00007ff97d3e0000 - 0x00007ff97d473000 	C:\Program Files\jmonkeyplatform\jdk\jre\bin\freetype.dll
0x00007ff97d100000 - 0x00007ff97d1bc000 	C:\Program Files\jmonkeyplatform\jdk\jre\bin\fontmanager.dll
0x00007ff989600000 - 0x00007ff98961a000 	C:\Program Files\jmonkeyplatform\jdk\jre\bin\net.dll
0x00007ff981280000 - 0x00007ff98144a000 	C:\Windows\SYSTEM32\urlmon.dll
0x00007ff982040000 - 0x00007ff9822e7000 	C:\Windows\SYSTEM32\iertutil.dll
0x00007ff98f1b0000 - 0x00007ff98f1bb000 	C:\Windows\SYSTEM32\CRYPTBASE.DLL
0x00007ff98f000000 - 0x00007ff98f066000 	C:\Windows\system32\mswsock.dll
0x00007ff9895e0000 - 0x00007ff9895f2000 	C:\Program Files\jmonkeyplatform\jdk\jre\bin\nio.dll
0x00007ff986ee0000 - 0x00007ff986f76000 	C:\Windows\System32\TextInputFramework.dll
0x00007ff98a1f0000 - 0x00007ff98a50e000 	C:\Windows\System32\CoreUIComponents.dll
0x00007ff98d280000 - 0x00007ff98d35a000 	C:\Windows\System32\CoreMessaging.dll
0x00007ff98e840000 - 0x00007ff98e871000 	C:\Windows\SYSTEM32\ntmarta.dll
0x00007ff98b160000 - 0x00007ff98b2ad000 	C:\Windows\SYSTEM32\wintypes.dll
0x00007ff95faa0000 - 0x00007ff95fc72000 	C:\Users\steph\OneDrive\Documents\GitHub\NEUROSNAKE3D\NeuronSnake3d\bulletjme.dll
0x0000000180000000 - 0x0000000180064000 	C:\Users\steph\OneDrive\Documents\GitHub\NEUROSNAKE3D\NeuronSnake3d\OpenAL64.dll
0x0000019c21800000 - 0x0000019c21853000 	C:\Users\steph\OneDrive\Documents\GitHub\NEUROSNAKE3D\NeuronSnake3d\lwjgl64.dll
0x00007ff93ac40000 - 0x00007ff93bad3000 	C:\Windows\System32\DriverStore\FileRepository\iigd_dch_base.inf_amd64_b95c9a044993331b\ig9icd64.dll
0x00007ff98e4c0000 - 0x00007ff98e57b000 	C:\Windows\system32\dxgi.dll
0x00007ff97fd90000 - 0x00007ff97fe38000 	C:\Windows\SYSTEM32\mscms.dll
0x00007ff98f6b0000 - 0x00007ff98f6d8000 	C:\Windows\SYSTEM32\USERENV.dll
0x00007ff9877c0000 - 0x00007ff9877d0000 	C:\Windows\SYSTEM32\ColorAdapterClient.dll
0x00007ff94de80000 - 0x00007ff94dec3000 	C:\Windows\SYSTEM32\icm32.dll
0x00007ff9532e0000 - 0x00007ff9533c2000 	C:\Windows\System32\DriverStore\FileRepository\iigd_dch_base.inf_amd64_b95c9a044993331b\igdgmm64.dll
0x00007ff9837d0000 - 0x00007ff985735000 	C:\Windows\System32\DriverStore\FileRepository\iigd_dch_base.inf_amd64_b95c9a044993331b\igc64.dll
0x00007ff991970000 - 0x00007ff991a10000 	C:\Windows\System32\clbcatq.dll
0x00007ff988630000 - 0x00007ff9886a6000 	C:\Windows\System32\MMDevApi.dll
0x00007ff98f590000 - 0x00007ff98f5b7000 	C:\Windows\System32\DEVOBJ.dll
0x00007ff98bdf0000 - 0x00007ff98bfa5000 	C:\Windows\System32\PROPSYS.dll
0x00007ff947120000 - 0x00007ff9471af000 	C:\Windows\SYSTEM32\dsound.dll
0x00007ff97f1a0000 - 0x00007ff97f2cc000 	C:\Windows\SYSTEM32\AUDIOSES.DLL
0x00007ff98aef0000 - 0x00007ff98aefa000 	C:\Windows\SYSTEM32\AVRT.dll
0x00007ff97ea60000 - 0x00007ff97ea8a000 	C:\Program Files\jmonkeyplatform\jdk\jre\bin\jpeg.dll

VM Arguments:
jvm_args: -Dfile.encoding=UTF-8 
java_command: mygame.Main
java_class_path (initial): C:\Program Files\jmonkeyplatform\jmonkeyplatform\libs\jme3-jogg-3.2.4-stable.jar;C:\Program Files\jmonkeyplatform\jmonkeyplatform\libs\j-ogg-all-1.0.0.jar;C:\Program Files\jmonkeyplatform\jmonkeyplatform\libs\jme3-networking-3.2.4-stable.jar;C:\Program Files\jmonkeyplatform\jmonkeyplatform\libs\jme3-plugins-3.2.4-stable.jar;C:\Program Files\jmonkeyplatform\jmonkeyplatform\libs\gson-2.8.1.jar;C:\Program Files\jmonkeyplatform\jmonkeyplatform\libs\jme3-core-3.2.4-stable.jar;C:\Program Files\jmonkeyplatform\jmonkeyplatform\libs\jme3-desktop-3.2.4-stable.jar;C:\Program Files\jmonkeyplatform\jmonkeyplatform\libs\jme3-lwjgl-3.2.4-stable.jar;C:\Program Files\jmonkeyplatform\jmonkeyplatform\libs\lwjgl-2.9.3.jar;C:\Program Files\jmonkeyplatform\jmonkeyplatform\libs\jinput-2.0.5.jar;C:\Program Files\jmonkeyplatform\jmonkeyplatform\libs\jinput-platform-2.0.5-natives-linux.jar;C:\Program Files\jmonkeyplatform\jmonkeyplatform\libs\jinput-platform-2.0.5-natives-windows.jar;C:\Program Files\jmonkeyplatform\jmonkeyplatform\libs\jinput-platform-2.0.5-natives-osx.jar;C:\Program Files\jmonkeyplatform\jmonkeyplatform\libs\jutils-1.0.0.jar;C:\Program Files\jmonkeyplatform\jmonkeyplatform\libs\lwjgl-platform-2.9.3-natives-windows.jar;C:\Program Files\jmonkeyplatform\jmonkeyplatform\libs\lwjgl-platform-2.9.3-natives-linux.jar;C:\Program Files\jmonkeyplatform\jmonkeyplatform\libs\lwjgl-platform-2.9.3-natives-osx.jar;C:\Program Files\jmonkeyplatform\jmonkeyplatform\libs\jme3-effects-3.2.4-stable.jar;C:\Program Files\jmonkeyplatform\jmonkeyplatform\libs\jme3-terrain-3.2.4-stable.jar;C:\Program Files\jmonkeyplatform\jmonkeyplatform\libs\jme3-bullet-3.2.4-stable.jar;C:\Program Files\jmonkeyplatform\jmonkeyplatform\libs\jme3-bullet-native-3.2.4-stable.jar;C:\Program Files\jmonkeyplatform\jmonkeyplatform\libs\jme3-testdata.jar;C:\Users\steph\OneDrive\Documents\GitHub\NEUROSNAKE3D\NeuronSnake3d\build\classes;C:\Users\steph\OneDrive\Documents\GitHub\NEUROSNAKE3D\NeuronS
Launcher Type: SUN_STANDARD

Environment Variables:
PATH=C:\Windows\system32;C:\Windows;C:\Windows\System32\Wbem;C:\Windows\System32\WindowsPowerShell\v1.0\;C:\Windows\System32\OpenSSH\;C:\Users\steph\AppData\Local\Microsoft\WindowsApps;C:\Users\steph\AppData\Local\GitHubDesktop\bin
USERNAME=steph
OS=Windows_NT
PROCESSOR_IDENTIFIER=Intel64 Family 6 Model 158 Stepping 9, GenuineIntel



---------------  S Y S T E M  ---------------

OS: Windows 10.0 , 64 bit Build 17134 (10.0.17134.753)

CPU:total 8 (initial active 8) (4 cores per cpu, 2 threads per core) family 6 model 158 stepping 9, cmov, cx8, fxsr, mmx, sse, sse2, sse3, ssse3, sse4.1, sse4.2, popcnt, avx, avx2, aes, clmul, erms, 3dnowpref, lzcnt, ht, tsc, tscinvbit, bmi1, bmi2, adx

Memory: 4k page, physical 8271076k(1845088k free), swap 8271076k(4176k free)

vm_info: OpenJDK 64-Bit Server VM (25.212-b04) for windows-amd64 JRE (1.8.0_212-b04), built on Jun  3 2019 21:11:11 by "jenkins" with MS VC++ 12.0 (VS2013)

time: Thu Oct 03 17:52:32 2019
timezone: W. Europe Daylight Time
elapsed time: 20 seconds (0d 0h 0m 20s)

