#
# There is insufficient memory for the Java Runtime Environment to continue.
# Native memory allocation (malloc) failed to allocate 92176 bytes for Chunk::new
# Possible reasons:
#   The system is out of physical RAM or swap space
#   The process is running with CompressedOops enabled, and the Java Heap may be blocking the growth of the native heap
# Possible solutions:
#   Reduce memory load on the system
#   Increase physical memory or swap space
#   Check if swap backing store is full
#   Decrease Java heap size (-Xmx/-Xms)
#   Decrease number of Java threads
#   Decrease Java thread stack sizes (-Xss)
#   Set larger code cache with -XX:ReservedCodeCacheSize=
#   JVM is running with Unscaled Compressed Oops mode in which the Java heap is
#     placed in the first 4GB address space. The Java Heap base address is the
#     maximum limit for the native heap growth. Please use -XX:HeapBaseMinAddress
#     to set the Java Heap base and to place the Java Heap above 4GB virtual address.
# This output file may be truncated or incomplete.
#
#  Out of Memory Error (allocation.cpp:389), pid=6496, tid=0x0000000000000afc
#
# JRE version: OpenJDK Runtime Environment (8.0_212-b04) (build 1.8.0_212-b04)
# Java VM: OpenJDK 64-Bit Server VM (25.212-b04 mixed mode windows-amd64 compressed oops)
# Failed to write core dump. Minidumps are not enabled by default on client versions of Windows
#

---------------  T H R E A D  ---------------

Current thread (0x000002c219ee1800):  JavaThread "C2 CompilerThread1" daemon [_thread_in_native, id=2812, stack(0x000000f854f00000,0x000000f855000000)]

Stack: [0x000000f854f00000,0x000000f855000000]
[error occurred during error reporting (printing stack bounds), id 0xc0000005]

Native frames: (J=compiled Java code, j=interpreted, Vv=VM code, C=native code)


Current CompileTask:
C2:  29700 3265       4       com.sun.org.apache.xerces.internal.dom.ParentNode::internalInsertBefore (661 bytes)


---------------  P R O C E S S  ---------------

Java Threads: ( => current thread )
  0x000002c226d62000 JavaThread "LWJGL Timer" daemon [_thread_blocked, id=6288, stack(0x000000f856000000,0x000000f856100000)]
  0x000002c226c61000 JavaThread "jME3 Audio Decoder" daemon [_thread_blocked, id=12092, stack(0x000000f855f00000,0x000000f856000000)]
  0x000002c203266000 JavaThread "DestroyJavaVM" [_thread_blocked, id=6592, stack(0x000000f854000000,0x000000f854100000)]
  0x000002c21bb09800 JavaThread "jME3 Main" [_thread_in_native, id=10936, stack(0x000000f855a00000,0x000000f855b00000)]
  0x000002c21bb49000 JavaThread "TimerQueue" daemon [_thread_blocked, id=4912, stack(0x000000f855900000,0x000000f855a00000)]
  0x000002c21b85d800 JavaThread "AWT-EventQueue-0" [_thread_blocked, id=228, stack(0x000000f855700000,0x000000f855800000)]
  0x000002c21b8c8000 JavaThread "AWT-Windows" daemon [_thread_in_native, id=10668, stack(0x000000f855600000,0x000000f855700000)]
  0x000002c21b8c5000 JavaThread "AWT-Shutdown" [_thread_blocked, id=1408, stack(0x000000f855500000,0x000000f855600000)]
  0x000002c21b8c4800 JavaThread "Java2D Disposer" daemon [_thread_blocked, id=7884, stack(0x000000f855400000,0x000000f855500000)]
  0x000002c21b2a8800 JavaThread "Service Thread" daemon [_thread_blocked, id=7320, stack(0x000000f855200000,0x000000f855300000)]
  0x000002c219eea800 JavaThread "C1 CompilerThread3" daemon [_thread_blocked, id=9760, stack(0x000000f855100000,0x000000f855200000)]
  0x000002c219ee5000 JavaThread "C2 CompilerThread2" daemon [_thread_blocked, id=5212, stack(0x000000f855000000,0x000000f855100000)]
=>0x000002c219ee1800 JavaThread "C2 CompilerThread1" daemon [_thread_in_native, id=2812, stack(0x000000f854f00000,0x000000f855000000)]
  0x000002c219ede800 JavaThread "C2 CompilerThread0" daemon [_thread_blocked, id=8012, stack(0x000000f854e00000,0x000000f854f00000)]
  0x000002c219edd800 JavaThread "Attach Listener" daemon [_thread_blocked, id=9264, stack(0x000000f854d00000,0x000000f854e00000)]
  0x000002c219ed7000 JavaThread "Signal Dispatcher" daemon [_thread_blocked, id=4232, stack(0x000000f854c00000,0x000000f854d00000)]
  0x000002c219eb1000 JavaThread "Finalizer" daemon [_thread_blocked, id=4812, stack(0x000000f854b00000,0x000000f854c00000)]
  0x000002c219ea7800 JavaThread "Reference Handler" daemon [_thread_blocked, id=3016, stack(0x000000f854a00000,0x000000f854b00000)]

Other Threads:
  0x000002c20356c000 VMThread [stack: 0x000000f854900000,0x000000f854a00000] [id=8484]
  0x000002c219f5c800 WatcherThread [stack: 0x000000f855300000,0x000000f855400000] [id=10000]

VM state:not at safepoint (normal execution)

VM Mutex/Monitor currently owned by a thread: None

heap address: 0x0000000081c00000, size: 2020 MB, Compressed Oops mode: 32-bit
Narrow klass base: 0x0000000000000000, Narrow klass shift: 3
Compressed class space size: 1073741824 Address: 0x0000000100000000

Heap:
 PSYoungGen      total 409600K, used 278582K [0x00000000d5f00000, 0x00000000f3c00000, 0x0000000100000000)
  eden space 379392K, 70% used [0x00000000d5f00000,0x00000000e6415a40,0x00000000ed180000)
  from space 30208K, 37% used [0x00000000f1e80000,0x00000000f2978000,0x00000000f3c00000)
  to   space 27136K, 0% used [0x00000000ed180000,0x00000000ed180000,0x00000000eec00000)
 ParOldGen       total 136192K, used 48419K [0x0000000081c00000, 0x000000008a100000, 0x00000000d5f00000)
  object space 136192K, 35% used [0x0000000081c00000,0x0000000084b48d50,0x000000008a100000)
 Metaspace       used 20663K, capacity 20853K, committed 21120K, reserved 1069056K
  class space    used 2243K, capacity 2326K, committed 2432K, reserved 1048576K

Card table byte_map: [0x000002c2140f0000,0x000002c2144f0000] byte_map_base: 0x000002c213ce2000

Marking Bits: (ParMarkBitMap*) 0x0000000061271f50
 Begin Bits: [0x000002c2147a0000, 0x000002c216730000)
 End Bits:   [0x000002c216730000, 0x000002c2186c0000)

Polling page: 0x000002c203410000

CodeCache: size=245760Kb used=9876Kb max_used=10298Kb free=235883Kb
 bounds [0x000002c204d30000, 0x000002c205780000, 0x000002c213d30000]
 total_blobs=3659 nmethods=3005 adapters=567
 compilation: enabled

Compilation events (10 events):
Event: 29.685 Thread 0x000002c219ee5000 nmethod 3272 0x000002c2050c73d0 code [0x000002c2050c7520, 0x000002c2050c7998]
Event: 29.685 Thread 0x000002c219ee5000 3268       4       com.sun.org.apache.xerces.internal.dom.ParentNode::insertBefore (8 bytes)
Event: 29.685 Thread 0x000002c219ee5000 nmethod 3268 0x000002c204f1add0 code [0x000002c204f1af20, 0x000002c204f1afa8]
Event: 29.686 Thread 0x000002c219ee5000 3269       4       com.sun.org.apache.xerces.internal.dom.CoreDocumentImpl::isKidOK (63 bytes)
Event: 29.687 Thread 0x000002c219ee5000 nmethod 3269 0x000002c204e44410 code [0x000002c204e44560, 0x000002c204e44698]
Event: 29.687 Thread 0x000002c219eea800 3276       3       javax.swing.JComponent::setForeground (42 bytes)
Event: 29.687 Thread 0x000002c219ee5000 3270       4       com.sun.org.apache.xerces.internal.dom.DocumentImpl::insertingNode (17 bytes)
Event: 29.687 Thread 0x000002c219ede800 nmethod 3274 0x000002c205230f10 code [0x000002c205231060, 0x000002c205231428]
Event: 29.687 Thread 0x000002c219ee5000 nmethod 3270 0x000002c204f71050 code [0x000002c204f71180, 0x000002c204f71218]
Event: 29.687 Thread 0x000002c219eea800 nmethod 3276 0x000002c20519da10 code [0x000002c20519dc00, 0x000002c20519eb50]

GC Heap History (10 events):
Event: 23.596 GC heap before
{Heap before GC invocations=29 (full 4):
 PSYoungGen      total 409600K, used 382752K [0x00000000d5f00000, 0x00000000f3c00000, 0x0000000100000000)
  eden space 379392K, 100% used [0x00000000d5f00000,0x00000000ed180000,0x00000000ed180000)
  from space 30208K, 11% used [0x00000000f1e80000,0x00000000f21c8000,0x00000000f3c00000)
  to   space 27136K, 0% used [0x00000000ed180000,0x00000000ed180000,0x00000000eec00000)
 ParOldGen       total 136192K, used 85470K [0x0000000081c00000, 0x000000008a100000, 0x00000000d5f00000)
  object space 136192K, 62% used [0x0000000081c00000,0x0000000086f77930,0x000000008a100000)
 Metaspace       used 20655K, capacity 20853K, committed 21120K, reserved 1069056K
  class space    used 2243K, capacity 2326K, committed 2432K, reserved 1048576K
Event: 23.603 GC heap after
Heap after GC invocations=29 (full 4):
 PSYoungGen      total 406528K, used 18464K [0x00000000d5f00000, 0x00000000f3c00000, 0x0000000100000000)
  eden space 379392K, 0% used [0x00000000d5f00000,0x00000000d5f00000,0x00000000ed180000)
  from space 27136K, 68% used [0x00000000ed180000,0x00000000ee388000,0x00000000eec00000)
  to   space 30208K, 0% used [0x00000000f1e80000,0x00000000f1e80000,0x00000000f3c00000)
 ParOldGen       total 136192K, used 88717K [0x0000000081c00000, 0x000000008a100000, 0x00000000d5f00000)
  object space 136192K, 65% used [0x0000000081c00000,0x00000000872a3590,0x000000008a100000)
 Metaspace       used 20655K, capacity 20853K, committed 21120K, reserved 1069056K
  class space    used 2243K, capacity 2326K, committed 2432K, reserved 1048576K
}
Event: 24.297 GC heap before
{Heap before GC invocations=30 (full 4):
 PSYoungGen      total 406528K, used 397856K [0x00000000d5f00000, 0x00000000f3c00000, 0x0000000100000000)
  eden space 379392K, 100% used [0x00000000d5f00000,0x00000000ed180000,0x00000000ed180000)
  from space 27136K, 68% used [0x00000000ed180000,0x00000000ee388000,0x00000000eec00000)
  to   space 30208K, 0% used [0x00000000f1e80000,0x00000000f1e80000,0x00000000f3c00000)
 ParOldGen       total 136192K, used 88717K [0x0000000081c00000, 0x000000008a100000, 0x00000000d5f00000)
  object space 136192K, 65% used [0x0000000081c00000,0x00000000872a3590,0x000000008a100000)
 Metaspace       used 20655K, capacity 20853K, committed 21120K, reserved 1069056K
  class space    used 2243K, capacity 2326K, committed 2432K, reserved 1048576K
Event: 24.305 GC heap after
Heap after GC invocations=30 (full 4):
 PSYoungGen      total 409600K, used 5888K [0x00000000d5f00000, 0x00000000f3c00000, 0x0000000100000000)
  eden space 379392K, 0% used [0x00000000d5f00000,0x00000000d5f00000,0x00000000ed180000)
  from space 30208K, 19% used [0x00000000f1e80000,0x00000000f2440000,0x00000000f3c00000)
  to   space 27136K, 0% used [0x00000000ed180000,0x00000000ed180000,0x00000000eec00000)
 ParOldGen       total 136192K, used 106973K [0x0000000081c00000, 0x000000008a100000, 0x00000000d5f00000)
  object space 136192K, 78% used [0x0000000081c00000,0x0000000088477590,0x000000008a100000)
 Metaspace       used 20655K, capacity 20853K, committed 21120K, reserved 1069056K
  class space    used 2243K, capacity 2326K, committed 2432K, reserved 1048576K
}
Event: 26.730 GC heap before
{Heap before GC invocations=31 (full 4):
 PSYoungGen      total 409600K, used 385280K [0x00000000d5f00000, 0x00000000f3c00000, 0x0000000100000000)
  eden space 379392K, 100% used [0x00000000d5f00000,0x00000000ed180000,0x00000000ed180000)
  from space 30208K, 19% used [0x00000000f1e80000,0x00000000f2440000,0x00000000f3c00000)
  to   space 27136K, 0% used [0x00000000ed180000,0x00000000ed180000,0x00000000eec00000)
 ParOldGen       total 136192K, used 106973K [0x0000000081c00000, 0x000000008a100000, 0x00000000d5f00000)
  object space 136192K, 78% used [0x0000000081c00000,0x0000000088477590,0x000000008a100000)
 Metaspace       used 20660K, capacity 20853K, committed 21120K, reserved 1069056K
  class space    used 2243K, capacity 2326K, committed 2432K, reserved 1048576K
Event: 26.737 GC heap after
Heap after GC invocations=31 (full 4):
 PSYoungGen      total 406528K, used 15648K [0x00000000d5f00000, 0x00000000f3c00000, 0x0000000100000000)
  eden space 379392K, 0% used [0x00000000d5f00000,0x00000000d5f00000,0x00000000ed180000)
  from space 27136K, 57% used [0x00000000ed180000,0x00000000ee0c8000,0x00000000eec00000)
  to   space 30208K, 0% used [0x00000000f1e80000,0x00000000f1e80000,0x00000000f3c00000)
 ParOldGen       total 136192K, used 112672K [0x0000000081c00000, 0x000000008a100000, 0x00000000d5f00000)
  object space 136192K, 82% used [0x0000000081c00000,0x0000000088a083c0,0x000000008a100000)
 Metaspace       used 20660K, capacity 20853K, committed 21120K, reserved 1069056K
  class space    used 2243K, capacity 2326K, committed 2432K, reserved 1048576K
}
Event: 26.737 GC heap before
{Heap before GC invocations=32 (full 5):
 PSYoungGen      total 406528K, used 15648K [0x00000000d5f00000, 0x00000000f3c00000, 0x0000000100000000)
  eden space 379392K, 0% used [0x00000000d5f00000,0x00000000d5f00000,0x00000000ed180000)
  from space 27136K, 57% used [0x00000000ed180000,0x00000000ee0c8000,0x00000000eec00000)
  to   space 30208K, 0% used [0x00000000f1e80000,0x00000000f1e80000,0x00000000f3c00000)
 ParOldGen       total 136192K, used 112672K [0x0000000081c00000, 0x000000008a100000, 0x00000000d5f00000)
  object space 136192K, 82% used [0x0000000081c00000,0x0000000088a083c0,0x000000008a100000)
 Metaspace       used 20660K, capacity 20853K, committed 21120K, reserved 1069056K
  class space    used 2243K, capacity 2326K, committed 2432K, reserved 1048576K
Event: 26.774 GC heap after
Heap after GC invocations=32 (full 5):
 PSYoungGen      total 406528K, used 0K [0x00000000d5f00000, 0x00000000f3c00000, 0x0000000100000000)
  eden space 379392K, 0% used [0x00000000d5f00000,0x00000000d5f00000,0x00000000ed180000)
  from space 27136K, 0% used [0x00000000ed180000,0x00000000ed180000,0x00000000eec00000)
  to   space 30208K, 0% used [0x00000000f1e80000,0x00000000f1e80000,0x00000000f3c00000)
 ParOldGen       total 136192K, used 48419K [0x0000000081c00000, 0x000000008a100000, 0x00000000d5f00000)
  object space 136192K, 35% used [0x0000000081c00000,0x0000000084b48d50,0x000000008a100000)
 Metaspace       used 20660K, capacity 20853K, committed 21120K, reserved 1069056K
  class space    used 2243K, capacity 2326K, committed 2432K, reserved 1048576K
}
Event: 27.455 GC heap before
{Heap before GC invocations=33 (full 5):
 PSYoungGen      total 406528K, used 379392K [0x00000000d5f00000, 0x00000000f3c00000, 0x0000000100000000)
  eden space 379392K, 100% used [0x00000000d5f00000,0x00000000ed180000,0x00000000ed180000)
  from space 27136K, 0% used [0x00000000ed180000,0x00000000ed180000,0x00000000eec00000)
  to   space 30208K, 0% used [0x00000000f1e80000,0x00000000f1e80000,0x00000000f3c00000)
 ParOldGen       total 136192K, used 48419K [0x0000000081c00000, 0x000000008a100000, 0x00000000d5f00000)
  object space 136192K, 35% used [0x0000000081c00000,0x0000000084b48d50,0x000000008a100000)
 Metaspace       used 20660K, capacity 20853K, committed 21120K, reserved 1069056K
  class space    used 2243K, capacity 2326K, committed 2432K, reserved 1048576K
Event: 27.460 GC heap after
Heap after GC invocations=33 (full 5):
 PSYoungGen      total 409600K, used 11232K [0x00000000d5f00000, 0x00000000f3c00000, 0x0000000100000000)
  eden space 379392K, 0% used [0x00000000d5f00000,0x00000000d5f00000,0x00000000ed180000)
  from space 30208K, 37% used [0x00000000f1e80000,0x00000000f2978000,0x00000000f3c00000)
  to   space 27136K, 0% used [0x00000000ed180000,0x00000000ed180000,0x00000000eec00000)
 ParOldGen       total 136192K, used 48419K [0x0000000081c00000, 0x000000008a100000, 0x00000000d5f00000)
  object space 136192K, 35% used [0x0000000081c00000,0x0000000084b48d50,0x000000008a100000)
 Metaspace       used 20660K, capacity 20853K, committed 21120K, reserved 1069056K
  class space    used 2243K, capacity 2326K, committed 2432K, reserved 1048576K
}

Deoptimization events (10 events):
Event: 19.475 Thread 0x000002c21bb09800 Uncommon trap: reason=predicate action=maybe_recompile pc=0x000002c204e81e80 method=java.util.TimSort.binarySort([Ljava/lang/Object;IIILjava/util/Comparator;)V @ 37
Event: 19.475 Thread 0x000002c21bb09800 Uncommon trap: reason=array_check action=maybe_recompile pc=0x000002c2055d5c8c method=java.util.TimSort.binarySort([Ljava/lang/Object;IIILjava/util/Comparator;)V @ 193
Event: 19.475 Thread 0x000002c21bb09800 Uncommon trap: reason=array_check action=maybe_recompile pc=0x000002c2055d5bec method=java.util.TimSort.binarySort([Ljava/lang/Object;IIILjava/util/Comparator;)V @ 215
Event: 19.475 Thread 0x000002c21bb09800 Uncommon trap: reason=array_check action=maybe_recompile pc=0x000002c2055d5d30 method=java.util.TimSort.binarySort([Ljava/lang/Object;IIILjava/util/Comparator;)V @ 183
Event: 19.475 Thread 0x000002c21bb09800 Uncommon trap: reason=array_check action=maybe_recompile pc=0x000002c2055d5bec method=java.util.TimSort.binarySort([Ljava/lang/Object;IIILjava/util/Comparator;)V @ 215
Event: 22.855 Thread 0x000002c21bb09800 Uncommon trap: reason=array_check action=maybe_recompile pc=0x000002c204e72330 method=java.util.TimSort.binarySort([Ljava/lang/Object;IIILjava/util/Comparator;)V @ 215
Event: 23.865 Thread 0x000002c21bb09800 Uncommon trap: reason=unstable_if action=reinterpret pc=0x000002c204e6eba4 method=com.jme3.math.Quaternion.fromRotationMatrix(FFFFFFFFF)Lcom/jme3/math/Quaternion; @ 190
Event: 29.672 Thread 0x000002c21b85d800 Uncommon trap: reason=unstable_if action=reinterpret pc=0x000002c2055de0f0 method=java.awt.EventQueue.cacheEQItem(Lsun/awt/EventQueueItem;)V @ 10
Event: 29.672 Thread 0x000002c21b85d800 Uncommon trap: reason=class_check action=maybe_recompile pc=0x000002c20572cf0c method=java.awt.event.InvocationEvent.dispatch()V @ 47
Event: 29.679 Thread 0x000002c21bb09800 Uncommon trap: reason=unstable_if action=reinterpret pc=0x000002c2055dae54 method=com.sun.org.apache.xml.internal.serializer.WriterToUTF8Buffered.write(Ljava/lang/String;)V @ 18

Classes redefined (0 events):
No events

Internal exceptions (10 events):
Event: 0.161 Thread 0x000002c203266000 Exception <a 'java/lang/NoSuchFieldError': method resolution failed> (0x00000000d62cd6b8) thrown at [C:\cygwin64\tmp\openjdk-jdk8u-windows-x64-hotspot\workspace\build\src\hotspot\src\share\vm\prims\methodHandles.cpp, line 1167]
Event: 0.184 Thread 0x000002c203266000 Exception <a 'java/lang/ClassNotFoundException': sun/dc/DuctusRenderingEngine> (0x00000000d6354b68) thrown at [C:\cygwin64\tmp\openjdk-jdk8u-windows-x64-hotspot\workspace\build\src\hotspot\src\share\vm\classfile\systemDictionary.cpp, line 210]
Event: 0.215 Thread 0x000002c21b85d800 Exception <a 'java/io/FileNotFoundException'> (0x00000000d6465a00) thrown at [C:\cygwin64\tmp\openjdk-jdk8u-windows-x64-hotspot\workspace\build\src\hotspot\src\share\vm\prims\jni.cpp, line 710]
Event: 0.244 Thread 0x000002c21b85d800 Exception <a 'java/lang/NoClassDefFoundError'> (0x00000000d6501380) thrown at [C:\cygwin64\tmp\openjdk-jdk8u-windows-x64-hotspot\workspace\build\src\hotspot\src\share\vm\prims\jvm.cpp, line 1506]
Event: 2.153 Thread 0x000002c21bb09800 Exception <a 'java/security/PrivilegedActionException'> (0x00000000d6b3da38) thrown at [C:\cygwin64\tmp\openjdk-jdk8u-windows-x64-hotspot\workspace\build\src\hotspot\src\share\vm\prims\jvm.cpp, line 1502]
Event: 2.153 Thread 0x000002c21bb09800 Exception <a 'java/security/PrivilegedActionException'> (0x00000000d6b3f5a8) thrown at [C:\cygwin64\tmp\openjdk-jdk8u-windows-x64-hotspot\workspace\build\src\hotspot\src\share\vm\prims\jvm.cpp, line 1502]
Event: 2.153 Thread 0x000002c21bb09800 Exception <a 'java/security/PrivilegedActionException'> (0x00000000d6b406c8) thrown at [C:\cygwin64\tmp\openjdk-jdk8u-windows-x64-hotspot\workspace\build\src\hotspot\src\share\vm\prims\jvm.cpp, line 1502]
Event: 2.153 Thread 0x000002c21bb09800 Exception <a 'java/security/PrivilegedActionException'> (0x00000000d6b457e8) thrown at [C:\cygwin64\tmp\openjdk-jdk8u-windows-x64-hotspot\workspace\build\src\hotspot\src\share\vm\prims\jvm.cpp, line 1502]
Event: 2.153 Thread 0x000002c21bb09800 Exception <a 'java/security/PrivilegedActionException'> (0x00000000d6b46440) thrown at [C:\cygwin64\tmp\openjdk-jdk8u-windows-x64-hotspot\workspace\build\src\hotspot\src\share\vm\prims\jvm.cpp, line 1502]
Event: 2.153 Thread 0x000002c21bb09800 Exception <a 'java/security/PrivilegedActionException'> (0x00000000d6b47068) thrown at [C:\cygwin64\tmp\openjdk-jdk8u-windows-x64-hotspot\workspace\build\src\hotspot\src\share\vm\prims\jvm.cpp, line 1502]

Events (10 events):
Event: 29.688 Thread 0x000002c219eea800 flushing nmethod 0x000002c2052fcf50
Event: 29.688 Thread 0x000002c219eea800 flushing nmethod 0x000002c20531d510
Event: 29.688 Thread 0x000002c219eea800 flushing nmethod 0x000002c20531dad0
Event: 29.688 Thread 0x000002c219eea800 flushing nmethod 0x000002c20531de50
Event: 29.688 Thread 0x000002c219eea800 flushing nmethod 0x000002c20532f850
Event: 29.688 Thread 0x000002c219eea800 flushing nmethod 0x000002c2053303d0
Event: 29.688 Executing VM operation: RevokeBias
Event: 29.688 Executing VM operation: RevokeBias done
Event: 29.689 Executing VM operation: BulkRevokeBias
Event: 29.689 Executing VM operation: BulkRevokeBias done


Dynamic libraries:
0x00007ff76c880000 - 0x00007ff76c8ba000 	C:\Program Files\jmonkeyplatform\jdk\bin\java.exe
0x00007ff993480000 - 0x00007ff993661000 	C:\Windows\SYSTEM32\ntdll.dll
0x00007ff991ed0000 - 0x00007ff991f81000 	C:\Windows\System32\KERNEL32.DLL
0x00007ff990170000 - 0x00007ff9903e3000 	C:\Windows\System32\KERNELBASE.dll
0x00007ff991090000 - 0x00007ff991131000 	C:\Windows\System32\ADVAPI32.dll
0x00007ff9918d0000 - 0x00007ff99196e000 	C:\Windows\System32\msvcrt.dll
0x00007ff991140000 - 0x00007ff99119b000 	C:\Windows\System32\sechost.dll
0x00007ff9911a0000 - 0x00007ff9912c4000 	C:\Windows\System32\RPCRT4.dll
0x00007ff991c70000 - 0x00007ff991e00000 	C:\Windows\System32\USER32.dll
0x00007ff98f840000 - 0x00007ff98f860000 	C:\Windows\System32\win32u.dll
0x00007ff990900000 - 0x00007ff990928000 	C:\Windows\System32\GDI32.dll
0x00007ff9903f0000 - 0x00007ff990581000 	C:\Windows\System32\gdi32full.dll
0x00007ff990860000 - 0x00007ff9908ff000 	C:\Windows\System32\msvcp_win.dll
0x00007ff98f860000 - 0x00007ff98f958000 	C:\Windows\System32\ucrtbase.dll
0x00007ff97fb20000 - 0x00007ff97fd89000 	C:\Windows\WinSxS\amd64_microsoft.windows.common-controls_6595b64144ccf1df_6.0.17134.1006_none_d3fbb8f77c940c3f\COMCTL32.dll
0x00007ff9915a0000 - 0x00007ff9918c1000 	C:\Windows\System32\combase.dll
0x00007ff9907e0000 - 0x00007ff990859000 	C:\Windows\System32\bcryptPrimitives.dll
0x00007ff991ba0000 - 0x00007ff991bcd000 	C:\Windows\System32\IMM32.DLL
0x00007ff95ead0000 - 0x00007ff95ebbf000 	C:\Program Files\jmonkeyplatform\jdk\jre\bin\msvcr120.dll
0x00007ff97d7b0000 - 0x00007ff97d856000 	C:\Program Files\jmonkeyplatform\jdk\jre\bin\msvcp120.dll
0x0000000060af0000 - 0x00000000612eb000 	C:\Program Files\jmonkeyplatform\jdk\jre\bin\server\jvm.dll
0x00007ff991f90000 - 0x00007ff991f98000 	C:\Windows\System32\PSAPI.DLL
0x00007ff97c0a0000 - 0x00007ff97c0a9000 	C:\Windows\SYSTEM32\WSOCK32.dll
0x00007ff98d3f0000 - 0x00007ff98d413000 	C:\Windows\SYSTEM32\WINMM.dll
0x00007ff9894c0000 - 0x00007ff9894ca000 	C:\Windows\SYSTEM32\VERSION.dll
0x00007ff991e00000 - 0x00007ff991e6c000 	C:\Windows\System32\WS2_32.dll
0x00007ff98cf10000 - 0x00007ff98cf3a000 	C:\Windows\SYSTEM32\winmmbase.dll
0x00007ff98f960000 - 0x00007ff98f9a9000 	C:\Windows\System32\cfgmgr32.dll
0x00007ff98bbb0000 - 0x00007ff98bbbf000 	C:\Program Files\jmonkeyplatform\jdk\jre\bin\verify.dll
0x00007ff98aa20000 - 0x00007ff98aa48000 	C:\Program Files\jmonkeyplatform\jdk\jre\bin\java.dll
0x00007ff98bac0000 - 0x00007ff98bad6000 	C:\Program Files\jmonkeyplatform\jdk\jre\bin\zip.dll
0x00007ff992000000 - 0x00007ff993442000 	C:\Windows\System32\SHELL32.dll
0x00007ff9914f0000 - 0x00007ff991599000 	C:\Windows\System32\shcore.dll
0x00007ff98f9b0000 - 0x00007ff9900be000 	C:\Windows\System32\windows.storage.dll
0x00007ff991fa0000 - 0x00007ff991ff1000 	C:\Windows\System32\shlwapi.dll
0x00007ff98f7a0000 - 0x00007ff98f7b1000 	C:\Windows\System32\kernel.appcore.dll
0x00007ff98f780000 - 0x00007ff98f79f000 	C:\Windows\System32\profapi.dll
0x00007ff98f7d0000 - 0x00007ff98f81c000 	C:\Windows\System32\powrprof.dll
0x00007ff98f7c0000 - 0x00007ff98f7ca000 	C:\Windows\System32\FLTLIB.DLL
0x00007ff97c8c0000 - 0x00007ff97ca55000 	C:\Program Files\jmonkeyplatform\jdk\jre\bin\awt.dll
0x00007ff9913c0000 - 0x00007ff991482000 	C:\Windows\System32\OLEAUT32.dll
0x00007ff98d620000 - 0x00007ff98d6ab000 	C:\Windows\SYSTEM32\apphelp.dll
0x00007ff98d880000 - 0x00007ff98d918000 	C:\Windows\system32\uxtheme.dll
0x00007ff991a20000 - 0x00007ff991b93000 	C:\Windows\System32\MSCTF.dll
0x00007ff98db20000 - 0x00007ff98db49000 	C:\Windows\system32\dwmapi.dll
0x00007ff990f20000 - 0x00007ff991071000 	C:\Windows\System32\ole32.dll
0x00007ff96be30000 - 0x00007ff96bf50000 	C:\Windows\system32\opengl32.dll
0x00007ff96dc30000 - 0x00007ff96dc5c000 	C:\Windows\SYSTEM32\GLU32.dll
0x00007ff97d3e0000 - 0x00007ff97d473000 	C:\Program Files\jmonkeyplatform\jdk\jre\bin\freetype.dll
0x00007ff97d100000 - 0x00007ff97d1bc000 	C:\Program Files\jmonkeyplatform\jdk\jre\bin\fontmanager.dll
0x00007ff989600000 - 0x00007ff98961a000 	C:\Program Files\jmonkeyplatform\jdk\jre\bin\net.dll
0x00007ff981280000 - 0x00007ff98144a000 	C:\Windows\SYSTEM32\urlmon.dll
0x00007ff982040000 - 0x00007ff9822e7000 	C:\Windows\SYSTEM32\iertutil.dll
0x00007ff98f1b0000 - 0x00007ff98f1bb000 	C:\Windows\SYSTEM32\CRYPTBASE.DLL
0x00007ff98f000000 - 0x00007ff98f066000 	C:\Windows\system32\mswsock.dll
0x00007ff9895e0000 - 0x00007ff9895f2000 	C:\Program Files\jmonkeyplatform\jdk\jre\bin\nio.dll
0x00007ff986ee0000 - 0x00007ff986f76000 	C:\Windows\System32\TextInputFramework.dll
0x00007ff98d280000 - 0x00007ff98d35a000 	C:\Windows\System32\CoreMessaging.dll
0x00007ff98a1f0000 - 0x00007ff98a50e000 	C:\Windows\System32\CoreUIComponents.dll
0x00007ff98e840000 - 0x00007ff98e871000 	C:\Windows\SYSTEM32\ntmarta.dll
0x00007ff98b160000 - 0x00007ff98b2ad000 	C:\Windows\SYSTEM32\wintypes.dll
0x00007ff95e8f0000 - 0x00007ff95eac2000 	C:\Users\steph\OneDrive\Documents\GitHub\NEUROSNAKE3D\NeuronSnake3d\bulletjme.dll
0x0000000180000000 - 0x0000000180064000 	C:\Users\steph\OneDrive\Documents\GitHub\NEUROSNAKE3D\NeuronSnake3d\OpenAL64.dll
0x000002c21c150000 - 0x000002c21c1a3000 	C:\Users\steph\OneDrive\Documents\GitHub\NEUROSNAKE3D\NeuronSnake3d\lwjgl64.dll
0x00007ff93ac40000 - 0x00007ff93bad3000 	C:\Windows\System32\DriverStore\FileRepository\iigd_dch_base.inf_amd64_b95c9a044993331b\ig9icd64.dll
0x00007ff98e4c0000 - 0x00007ff98e57b000 	C:\Windows\system32\dxgi.dll
0x00007ff97fd90000 - 0x00007ff97fe38000 	C:\Windows\SYSTEM32\mscms.dll
0x00007ff9877c0000 - 0x00007ff9877d0000 	C:\Windows\SYSTEM32\ColorAdapterClient.dll
0x00007ff98f6b0000 - 0x00007ff98f6d8000 	C:\Windows\SYSTEM32\USERENV.dll
0x00007ff94de80000 - 0x00007ff94dec3000 	C:\Windows\SYSTEM32\icm32.dll
0x00007ff9532e0000 - 0x00007ff9533c2000 	C:\Windows\System32\DriverStore\FileRepository\iigd_dch_base.inf_amd64_b95c9a044993331b\igdgmm64.dll
0x00007ff9837d0000 - 0x00007ff985735000 	C:\Windows\System32\DriverStore\FileRepository\iigd_dch_base.inf_amd64_b95c9a044993331b\igc64.dll
0x00007ff991970000 - 0x00007ff991a10000 	C:\Windows\System32\clbcatq.dll
0x00007ff988630000 - 0x00007ff9886a6000 	C:\Windows\System32\MMDevApi.dll
0x00007ff98bdf0000 - 0x00007ff98bfa5000 	C:\Windows\System32\PROPSYS.dll
0x00007ff98f590000 - 0x00007ff98f5b7000 	C:\Windows\System32\DEVOBJ.dll
0x00007ff947120000 - 0x00007ff9471af000 	C:\Windows\SYSTEM32\dsound.dll
0x00007ff97f1a0000 - 0x00007ff97f2cc000 	C:\Windows\SYSTEM32\AUDIOSES.DLL
0x00007ff98aef0000 - 0x00007ff98aefa000 	C:\Windows\SYSTEM32\AVRT.dll
0x00007ff97c2c0000 - 0x00007ff97c2ea000 	C:\Program Files\jmonkeyplatform\jdk\jre\bin\jpeg.dll

VM Arguments:
jvm_args: -Dfile.encoding=UTF-8 
java_command: mygame.Main
java_class_path (initial): C:\Program Files\jmonkeyplatform\jmonkeyplatform\libs\jme3-jogg-3.2.4-stable.jar;C:\Program Files\jmonkeyplatform\jmonkeyplatform\libs\j-ogg-all-1.0.0.jar;C:\Program Files\jmonkeyplatform\jmonkeyplatform\libs\jme3-networking-3.2.4-stable.jar;C:\Program Files\jmonkeyplatform\jmonkeyplatform\libs\jme3-plugins-3.2.4-stable.jar;C:\Program Files\jmonkeyplatform\jmonkeyplatform\libs\gson-2.8.1.jar;C:\Program Files\jmonkeyplatform\jmonkeyplatform\libs\jme3-core-3.2.4-stable.jar;C:\Program Files\jmonkeyplatform\jmonkeyplatform\libs\jme3-desktop-3.2.4-stable.jar;C:\Program Files\jmonkeyplatform\jmonkeyplatform\libs\jme3-lwjgl-3.2.4-stable.jar;C:\Program Files\jmonkeyplatform\jmonkeyplatform\libs\lwjgl-2.9.3.jar;C:\Program Files\jmonkeyplatform\jmonkeyplatform\libs\jinput-2.0.5.jar;C:\Program Files\jmonkeyplatform\jmonkeyplatform\libs\jinput-platform-2.0.5-natives-linux.jar;C:\Program Files\jmonkeyplatform\jmonkeyplatform\libs\jinput-platform-2.0.5-natives-windows.jar;C:\Program Files\jmonkeyplatform\jmonkeyplatform\libs\jinput-platform-2.0.5-natives-osx.jar;C:\Program Files\jmonkeyplatform\jmonkeyplatform\libs\jutils-1.0.0.jar;C:\Program Files\jmonkeyplatform\jmonkeyplatform\libs\lwjgl-platform-2.9.3-natives-windows.jar;C:\Program Files\jmonkeyplatform\jmonkeyplatform\libs\lwjgl-platform-2.9.3-natives-linux.jar;C:\Program Files\jmonkeyplatform\jmonkeyplatform\libs\lwjgl-platform-2.9.3-natives-osx.jar;C:\Program Files\jmonkeyplatform\jmonkeyplatform\libs\jme3-effects-3.2.4-stable.jar;C:\Program Files\jmonkeyplatform\jmonkeyplatform\libs\jme3-terrain-3.2.4-stable.jar;C:\Program Files\jmonkeyplatform\jmonkeyplatform\libs\jme3-bullet-3.2.4-stable.jar;C:\Program Files\jmonkeyplatform\jmonkeyplatform\libs\jme3-bullet-native-3.2.4-stable.jar;C:\Program Files\jmonkeyplatform\jmonkeyplatform\libs\jme3-testdata.jar;C:\Users\steph\OneDrive\Documents\GitHub\NEUROSNAKE3D\NeuronSnake3d\build\classes;C:\Users\steph\OneDrive\Documents\GitHub\NEUROSNAKE3D\NeuronS
Launcher Type: SUN_STANDARD

Environment Variables:
PATH=C:\Windows\system32;C:\Windows;C:\Windows\System32\Wbem;C:\Windows\System32\WindowsPowerShell\v1.0\;C:\Windows\System32\OpenSSH\;C:\Users\steph\AppData\Local\Microsoft\WindowsApps;C:\Users\steph\AppData\Local\GitHubDesktop\bin
USERNAME=steph
OS=Windows_NT
PROCESSOR_IDENTIFIER=Intel64 Family 6 Model 158 Stepping 9, GenuineIntel



---------------  S Y S T E M  ---------------

OS: Windows 10.0 , 64 bit Build 17134 (10.0.17134.753)

CPU:total 8 (initial active 8) (4 cores per cpu, 2 threads per core) family 6 model 158 stepping 9, cmov, cx8, fxsr, mmx, sse, sse2, sse3, ssse3, sse4.1, sse4.2, popcnt, avx, avx2, aes, clmul, erms, 3dnowpref, lzcnt, ht, tsc, tscinvbit, bmi1, bmi2, adx

Memory: 4k page, physical 8271076k(2012520k free), swap 8271076k(4184k free)

vm_info: OpenJDK 64-Bit Server VM (25.212-b04) for windows-amd64 JRE (1.8.0_212-b04), built on Jun  3 2019 21:11:11 by "jenkins" with MS VC++ 12.0 (VS2013)

time: Thu Oct 03 18:02:59 2019
timezone: W. Europe Daylight Time
elapsed time: 29 seconds (0d 0h 0m 29s)

