#
# There is insufficient memory for the Java Runtime Environment to continue.
# Native memory allocation (malloc) failed to allocate 266816 bytes for Chunk::new
# Possible reasons:
#   The system is out of physical RAM or swap space
#   The process is running with CompressedOops enabled, and the Java Heap may be blocking the growth of the native heap
# Possible solutions:
#   Reduce memory load on the system
#   Increase physical memory or swap space
#   Check if swap backing store is full
#   Decrease Java heap size (-Xmx/-Xms)
#   Decrease number of Java threads
#   Decrease Java thread stack sizes (-Xss)
#   Set larger code cache with -XX:ReservedCodeCacheSize=
#   JVM is running with Unscaled Compressed Oops mode in which the Java heap is
#     placed in the first 4GB address space. The Java Heap base address is the
#     maximum limit for the native heap growth. Please use -XX:HeapBaseMinAddress
#     to set the Java Heap base and to place the Java Heap above 4GB virtual address.
# This output file may be truncated or incomplete.
#
#  Out of Memory Error (allocation.cpp:389), pid=2744, tid=0x0000000000002edc
#
# JRE version: OpenJDK Runtime Environment (8.0_212-b04) (build 1.8.0_212-b04)
# Java VM: OpenJDK 64-Bit Server VM (25.212-b04 mixed mode windows-amd64 compressed oops)
# Failed to write core dump. Minidumps are not enabled by default on client versions of Windows
#

---------------  T H R E A D  ---------------

Current thread (0x000001c7ca641800):  JavaThread "C2 CompilerThread0" daemon [_thread_in_native, id=11996, stack(0x000000a7a8d00000,0x000000a7a8e00000)]

Stack: [0x000000a7a8d00000,0x000000a7a8e00000]
[error occurred during error reporting (printing stack bounds), id 0xc0000005]

Native frames: (J=compiled Java code, j=interpreted, Vv=VM code, C=native code)


Current CompileTask:
C2:  56768 2805       4       java.util.TimSort::mergeHi (732 bytes)


---------------  P R O C E S S  ---------------

Java Threads: ( => current thread )
  0x000001c7cc3c8800 JavaThread "jME3 Audio Decoder" daemon [_thread_blocked, id=9472, stack(0x000000a7a9e00000,0x000000a7a9f00000)]
  0x000001c7cc3c8000 JavaThread "DestroyJavaVM" [_thread_blocked, id=3100, stack(0x000000a7a7f00000,0x000000a7a8000000)]
  0x000001c7ca64c000 JavaThread "jME3 Main" [_thread_in_Java, id=2096, stack(0x000000a7a9900000,0x000000a7a9a00000)]
  0x000001c7ca651000 JavaThread "TimerQueue" daemon [_thread_blocked, id=6448, stack(0x000000a7a9800000,0x000000a7a9900000)]
  0x000001c7ca652800 JavaThread "AWT-Windows" daemon [_thread_in_native, id=7172, stack(0x000000a7a9500000,0x000000a7a9600000)]
  0x000001c7ca651800 JavaThread "Java2D Disposer" daemon [_thread_blocked, id=5104, stack(0x000000a7a9300000,0x000000a7a9400000)]
  0x000001c7cba28800 JavaThread "Service Thread" daemon [_thread_blocked, id=1308, stack(0x000000a7a9100000,0x000000a7a9200000)]
  0x000001c7ca64e800 JavaThread "C1 CompilerThread3" daemon [_thread_blocked, id=11364, stack(0x000000a7a9000000,0x000000a7a9100000)]
  0x000001c7ca64e000 JavaThread "C2 CompilerThread2" daemon [_thread_blocked, id=6020, stack(0x000000a7a8f00000,0x000000a7a9000000)]
  0x000001c7ca64f800 JavaThread "C2 CompilerThread1" daemon [_thread_blocked, id=9212, stack(0x000000a7a8e00000,0x000000a7a8f00000)]
=>0x000001c7ca641800 JavaThread "C2 CompilerThread0" daemon [_thread_in_native, id=11996, stack(0x000000a7a8d00000,0x000000a7a8e00000)]
  0x000001c7ca63b800 JavaThread "Attach Listener" daemon [_thread_blocked, id=12932, stack(0x000000a7a8c00000,0x000000a7a8d00000)]
  0x000001c7ca63a800 JavaThread "Signal Dispatcher" daemon [_thread_blocked, id=9528, stack(0x000000a7a8b00000,0x000000a7a8c00000)]
  0x000001c7ca614000 JavaThread "Finalizer" daemon [_thread_blocked, id=6760, stack(0x000000a7a8a00000,0x000000a7a8b00000)]
  0x000001c7ca60b800 JavaThread "Reference Handler" daemon [_thread_blocked, id=7736, stack(0x000000a7a8900000,0x000000a7a8a00000)]

Other Threads:
  0x000001c7ca5e2800 VMThread [stack: 0x000000a7a8800000,0x000000a7a8900000] [id=8268]
  0x000001c7cba2b000 WatcherThread [stack: 0x000000a7a9200000,0x000000a7a9300000] [id=12652]

VM state:not at safepoint (normal execution)

VM Mutex/Monitor currently owned by a thread: None

heap address: 0x0000000081c00000, size: 2020 MB, Compressed Oops mode: 32-bit
Narrow klass base: 0x0000000000000000, Narrow klass shift: 3
Compressed class space size: 1073741824 Address: 0x0000000100000000

Heap:
 PSYoungGen      total 625664K, used 418117K [0x00000000d5f00000, 0x0000000100000000, 0x0000000100000000)
  eden space 576512K, 63% used [0x00000000d5f00000,0x00000000ec751498,0x00000000f9200000)
  from space 49152K, 100% used [0x00000000fd000000,0x0000000100000000,0x0000000100000000)
  to   space 56320K, 0% used [0x00000000f9200000,0x00000000f9200000,0x00000000fc900000)
 ParOldGen       total 147456K, used 107262K [0x0000000081c00000, 0x000000008ac00000, 0x00000000d5f00000)
  object space 147456K, 72% used [0x0000000081c00000,0x00000000884bf808,0x000000008ac00000)
 Metaspace       used 20354K, capacity 20585K, committed 20864K, reserved 1067008K
  class space    used 2232K, capacity 2326K, committed 2432K, reserved 1048576K

Card table byte_map: [0x000001c7c4840000,0x000001c7c4c40000] byte_map_base: 0x000001c7c4432000

Marking Bits: (ParMarkBitMap*) 0x0000000061271f50
 Begin Bits: [0x000001c7c4ef0000, 0x000001c7c6e80000)
 End Bits:   [0x000001c7c6e80000, 0x000001c7c8e10000)

Polling page: 0x000001c7b3a40000

CodeCache: size=245760Kb used=9024Kb max_used=9062Kb free=236735Kb
 bounds [0x000001c7b5480000, 0x000001c7b5d70000, 0x000001c7c4480000]
 total_blobs=3444 nmethods=2791 adapters=566
 compilation: enabled

Compilation events (10 events):
Event: 49.405 Thread 0x000001c7ca64e800 2801       3       bot.Matrix::activate (70 bytes)
Event: 49.405 Thread 0x000001c7ca64e800 nmethod 2801 0x000001c7b5d56c10 code [0x000001c7b5d56dc0, 0x000001c7b5d57350]
Event: 49.407 Thread 0x000001c7ca64e000 2802       4       bot.Matrix::activate (70 bytes)
Event: 49.409 Thread 0x000001c7ca64e000 nmethod 2802 0x000001c7b5d39a90 code [0x000001c7b5d39c00, 0x000001c7b5d39dd8]
Event: 49.409 Thread 0x000001c7ca64f800 2803       4       bot.NeuralNet::output (85 bytes)
Event: 49.436 Thread 0x000001c7ca641800 nmethod 2800 0x000001c7b5d5a0d0 code [0x000001c7b5d5a300, 0x000001c7b5d5bcd8]
Event: 49.443 Thread 0x000001c7ca64f800 nmethod 2803 0x000001c7b5d5d7d0 code [0x000001c7b5d5d9c0, 0x000001c7b5d5ee78]
Event: 52.571 Thread 0x000001c7ca64e000 2804       4       java.util.TimSort::mergeHi (732 bytes)
Event: 52.596 Thread 0x000001c7ca64e000 nmethod 2804 0x000001c7b5d634d0 code [0x000001c7b5d636c0, 0x000001c7b5d65438]
Event: 56.748 Thread 0x000001c7ca641800 2805       4       java.util.TimSort::mergeHi (732 bytes)

GC Heap History (10 events):
Event: 41.107 GC heap before
{Heap before GC invocations=30 (full 4):
 PSYoungGen      total 646144K, used 616192K [0x00000000d5f00000, 0x0000000100000000, 0x0000000100000000)
  eden space 603136K, 100% used [0x00000000d5f00000,0x00000000fac00000,0x00000000fac00000)
  from space 43008K, 30% used [0x00000000fac00000,0x00000000fb8c0000,0x00000000fd600000)
  to   space 42496K, 0% used [0x00000000fd680000,0x00000000fd680000,0x0000000100000000)
 ParOldGen       total 147456K, used 102134K [0x0000000081c00000, 0x000000008ac00000, 0x00000000d5f00000)
  object space 147456K, 69% used [0x0000000081c00000,0x0000000087fbd808,0x000000008ac00000)
 Metaspace       used 20354K, capacity 20585K, committed 20864K, reserved 1067008K
  class space    used 2232K, capacity 2326K, committed 2432K, reserved 1048576K
Event: 41.114 GC heap after
Heap after GC invocations=30 (full 4):
 PSYoungGen      total 645632K, used 26643K [0x00000000d5f00000, 0x00000000fff80000, 0x0000000100000000)
  eden space 603648K, 0% used [0x00000000d5f00000,0x00000000d5f00000,0x00000000fac80000)
  from space 41984K, 63% used [0x00000000fd680000,0x00000000ff084e30,0x00000000fff80000)
  to   space 42496K, 0% used [0x00000000fac80000,0x00000000fac80000,0x00000000fd600000)
 ParOldGen       total 147456K, used 102134K [0x0000000081c00000, 0x000000008ac00000, 0x00000000d5f00000)
  object space 147456K, 69% used [0x0000000081c00000,0x0000000087fbd808,0x000000008ac00000)
 Metaspace       used 20354K, capacity 20585K, committed 20864K, reserved 1067008K
  class space    used 2232K, capacity 2326K, committed 2432K, reserved 1048576K
}
Event: 44.870 GC heap before
{Heap before GC invocations=31 (full 4):
 PSYoungGen      total 645632K, used 630291K [0x00000000d5f00000, 0x00000000fff80000, 0x0000000100000000)
  eden space 603648K, 100% used [0x00000000d5f00000,0x00000000fac80000,0x00000000fac80000)
  from space 41984K, 63% used [0x00000000fd680000,0x00000000ff084e30,0x00000000fff80000)
  to   space 42496K, 0% used [0x00000000fac80000,0x00000000fac80000,0x00000000fd600000)
 ParOldGen       total 147456K, used 102134K [0x0000000081c00000, 0x000000008ac00000, 0x00000000d5f00000)
  object space 147456K, 69% used [0x0000000081c00000,0x0000000087fbd808,0x000000008ac00000)
 Metaspace       used 20354K, capacity 20585K, committed 20864K, reserved 1067008K
  class space    used 2232K, capacity 2326K, committed 2432K, reserved 1048576K
Event: 44.883 GC heap after
Heap after GC invocations=31 (full 4):
 PSYoungGen      total 646144K, used 42471K [0x00000000d5f00000, 0x0000000100000000, 0x0000000100000000)
  eden space 603648K, 0% used [0x00000000d5f00000,0x00000000d5f00000,0x00000000fac80000)
  from space 42496K, 99% used [0x00000000fac80000,0x00000000fd5f9c60,0x00000000fd600000)
  to   space 43008K, 0% used [0x00000000fd600000,0x00000000fd600000,0x0000000100000000)
 ParOldGen       total 147456K, used 105902K [0x0000000081c00000, 0x000000008ac00000, 0x00000000d5f00000)
  object space 147456K, 71% used [0x0000000081c00000,0x000000008836b808,0x000000008ac00000)
 Metaspace       used 20354K, capacity 20585K, committed 20864K, reserved 1067008K
  class space    used 2232K, capacity 2326K, committed 2432K, reserved 1048576K
}
Event: 48.645 GC heap before
{Heap before GC invocations=32 (full 4):
 PSYoungGen      total 646144K, used 646119K [0x00000000d5f00000, 0x0000000100000000, 0x0000000100000000)
  eden space 603648K, 100% used [0x00000000d5f00000,0x00000000fac80000,0x00000000fac80000)
  from space 42496K, 99% used [0x00000000fac80000,0x00000000fd5f9c60,0x00000000fd600000)
  to   space 43008K, 0% used [0x00000000fd600000,0x00000000fd600000,0x0000000100000000)
 ParOldGen       total 147456K, used 105902K [0x0000000081c00000, 0x000000008ac00000, 0x00000000d5f00000)
  object space 147456K, 71% used [0x0000000081c00000,0x000000008836b808,0x000000008ac00000)
 Metaspace       used 20354K, capacity 20585K, committed 20864K, reserved 1067008K
  class space    used 2232K, capacity 2326K, committed 2432K, reserved 1048576K
Event: 48.654 GC heap after
Heap after GC invocations=32 (full 4):
 PSYoungGen      total 630784K, used 33536K [0x00000000d5f00000, 0x0000000100000000, 0x0000000100000000)
  eden space 587776K, 0% used [0x00000000d5f00000,0x00000000d5f00000,0x00000000f9d00000)
  from space 43008K, 77% used [0x00000000fd600000,0x00000000ff6c0000,0x0000000100000000)
  to   space 50688K, 0% used [0x00000000f9d00000,0x00000000f9d00000,0x00000000fce80000)
 ParOldGen       total 147456K, used 106078K [0x0000000081c00000, 0x000000008ac00000, 0x00000000d5f00000)
  object space 147456K, 71% used [0x0000000081c00000,0x0000000088397808,0x000000008ac00000)
 Metaspace       used 20354K, capacity 20585K, committed 20864K, reserved 1067008K
  class space    used 2232K, capacity 2326K, committed 2432K, reserved 1048576K
}
Event: 49.689 GC heap before
{Heap before GC invocations=33 (full 4):
 PSYoungGen      total 630784K, used 621312K [0x00000000d5f00000, 0x0000000100000000, 0x0000000100000000)
  eden space 587776K, 100% used [0x00000000d5f00000,0x00000000f9d00000,0x00000000f9d00000)
  from space 43008K, 77% used [0x00000000fd600000,0x00000000ff6c0000,0x0000000100000000)
  to   space 50688K, 0% used [0x00000000f9d00000,0x00000000f9d00000,0x00000000fce80000)
 ParOldGen       total 147456K, used 106078K [0x0000000081c00000, 0x000000008ac00000, 0x00000000d5f00000)
  object space 147456K, 71% used [0x0000000081c00000,0x0000000088397808,0x000000008ac00000)
 Metaspace       used 20354K, capacity 20585K, committed 20864K, reserved 1067008K
  class space    used 2232K, capacity 2326K, committed 2432K, reserved 1048576K
Event: 49.696 GC heap after
Heap after GC invocations=33 (full 4):
 PSYoungGen      total 638464K, used 26560K [0x00000000d5f00000, 0x0000000100000000, 0x0000000100000000)
  eden space 587776K, 0% used [0x00000000d5f00000,0x00000000d5f00000,0x00000000f9d00000)
  from space 50688K, 52% used [0x00000000f9d00000,0x00000000fb6f0000,0x00000000fce80000)
  to   space 49152K, 0% used [0x00000000fd000000,0x00000000fd000000,0x0000000100000000)
 ParOldGen       total 147456K, used 106078K [0x0000000081c00000, 0x000000008ac00000, 0x00000000d5f00000)
  object space 147456K, 71% used [0x0000000081c00000,0x0000000088397808,0x000000008ac00000)
 Metaspace       used 20354K, capacity 20585K, committed 20864K, reserved 1067008K
  class space    used 2232K, capacity 2326K, committed 2432K, reserved 1048576K
}
Event: 53.419 GC heap before
{Heap before GC invocations=34 (full 4):
 PSYoungGen      total 638464K, used 614336K [0x00000000d5f00000, 0x0000000100000000, 0x0000000100000000)
  eden space 587776K, 100% used [0x00000000d5f00000,0x00000000f9d00000,0x00000000f9d00000)
  from space 50688K, 52% used [0x00000000f9d00000,0x00000000fb6f0000,0x00000000fce80000)
  to   space 49152K, 0% used [0x00000000fd000000,0x00000000fd000000,0x0000000100000000)
 ParOldGen       total 147456K, used 106078K [0x0000000081c00000, 0x000000008ac00000, 0x00000000d5f00000)
  object space 147456K, 71% used [0x0000000081c00000,0x0000000088397808,0x000000008ac00000)
 Metaspace       used 20354K, capacity 20585K, committed 20864K, reserved 1067008K
  class space    used 2232K, capacity 2326K, committed 2432K, reserved 1048576K
Event: 53.432 GC heap after
Heap after GC invocations=34 (full 4):
 PSYoungGen      total 625664K, used 49152K [0x00000000d5f00000, 0x0000000100000000, 0x0000000100000000)
  eden space 576512K, 0% used [0x00000000d5f00000,0x00000000d5f00000,0x00000000f9200000)
  from space 49152K, 100% used [0x00000000fd000000,0x0000000100000000,0x0000000100000000)
  to   space 56320K, 0% used [0x00000000f9200000,0x00000000f9200000,0x00000000fc900000)
 ParOldGen       total 147456K, used 107262K [0x0000000081c00000, 0x000000008ac00000, 0x00000000d5f00000)
  object space 147456K, 72% used [0x0000000081c00000,0x00000000884bf808,0x000000008ac00000)
 Metaspace       used 20354K, capacity 20585K, committed 20864K, reserved 1067008K
  class space    used 2232K, capacity 2326K, committed 2432K, reserved 1048576K
}

Deoptimization events (10 events):
Event: 20.240 Thread 0x000001c7ca64c000 Uncommon trap: reason=unstable_if action=reinterpret pc=0x000001c7b5c0416c method=com.jme3.math.Quaternion.getRotationColumn(ILcom/jme3/math/Vector3f;)Lcom/jme3/math/Vector3f; @ 20
Event: 48.392 Thread 0x000001c7ca64c000 Uncommon trap: reason=array_check action=maybe_recompile pc=0x000001c7b5d47da4 method=java.util.TimSort.mergeHi(IIII)V @ 101
Event: 48.392 Thread 0x000001c7ca64c000 Uncommon trap: reason=array_check action=maybe_recompile pc=0x000001c7b5d47da4 method=java.util.TimSort.mergeHi(IIII)V @ 101
Event: 48.392 Thread 0x000001c7ca64c000 Uncommon trap: reason=array_check action=maybe_recompile pc=0x000001c7b5d47da4 method=java.util.TimSort.mergeHi(IIII)V @ 101
Event: 48.392 Thread 0x000001c7ca64c000 Uncommon trap: reason=array_check action=maybe_recompile pc=0x000001c7b5d47da4 method=java.util.TimSort.mergeHi(IIII)V @ 101
Event: 49.369 Thread 0x000001c7ca64c000 Uncommon trap: reason=unstable_if action=reinterpret pc=0x000001c7b5933108 method=common.FMath.max(FF)F @ 17
Event: 49.404 Thread 0x000001c7ca64c000 Uncommon trap: reason=unstable_if action=reinterpret pc=0x000001c7b59137d0 method=common.FMath.max(FF)F @ 17
Event: 52.570 Thread 0x000001c7ca64c000 Uncommon trap: reason=predicate action=maybe_recompile pc=0x000001c7b5d58ecc method=java.util.TimSort.mergeHi(IIII)V @ 191
Event: 56.748 Thread 0x000001c7ca64c000 Uncommon trap: reason=array_check action=maybe_recompile pc=0x000001c7b5d64fd4 method=java.util.TimSort.mergeHi(IIII)V @ 282
Event: 56.748 Thread 0x000001c7ca64c000 Uncommon trap: reason=array_check action=maybe_recompile pc=0x000001c7b5d64fd4 method=java.util.TimSort.mergeHi(IIII)V @ 282

Classes redefined (0 events):
No events

Internal exceptions (10 events):
Event: 0.176 Thread 0x000001c7b3a8b800 Exception <a 'java/lang/ClassNotFoundException': sun/dc/DuctusRenderingEngine> (0x00000000d6354b68) thrown at [C:\cygwin64\tmp\openjdk-jdk8u-windows-x64-hotspot\workspace\build\src\hotspot\src\share\vm\classfile\systemDictionary.cpp, line 210]
Event: 0.208 Thread 0x000001c7ca64b800 Exception <a 'java/io/FileNotFoundException'> (0x00000000d6465a00) thrown at [C:\cygwin64\tmp\openjdk-jdk8u-windows-x64-hotspot\workspace\build\src\hotspot\src\share\vm\prims\jni.cpp, line 710]
Event: 0.241 Thread 0x000001c7ca64b800 Exception <a 'java/lang/NoClassDefFoundError'> (0x00000000d6501380) thrown at [C:\cygwin64\tmp\openjdk-jdk8u-windows-x64-hotspot\workspace\build\src\hotspot\src\share\vm\prims\jvm.cpp, line 1506]
Event: 2.680 Thread 0x000001c7ca64c000 Exception <a 'java/security/PrivilegedActionException'> (0x00000000d6be4ae8) thrown at [C:\cygwin64\tmp\openjdk-jdk8u-windows-x64-hotspot\workspace\build\src\hotspot\src\share\vm\prims\jvm.cpp, line 1502]
Event: 2.680 Thread 0x000001c7ca64c000 Exception <a 'java/security/PrivilegedActionException'> (0x00000000d6be6658) thrown at [C:\cygwin64\tmp\openjdk-jdk8u-windows-x64-hotspot\workspace\build\src\hotspot\src\share\vm\prims\jvm.cpp, line 1502]
Event: 2.680 Thread 0x000001c7ca64c000 Exception <a 'java/security/PrivilegedActionException'> (0x00000000d6be7778) thrown at [C:\cygwin64\tmp\openjdk-jdk8u-windows-x64-hotspot\workspace\build\src\hotspot\src\share\vm\prims\jvm.cpp, line 1502]
Event: 2.681 Thread 0x000001c7ca64c000 Exception <a 'java/security/PrivilegedActionException'> (0x00000000d6bec898) thrown at [C:\cygwin64\tmp\openjdk-jdk8u-windows-x64-hotspot\workspace\build\src\hotspot\src\share\vm\prims\jvm.cpp, line 1502]
Event: 2.681 Thread 0x000001c7ca64c000 Exception <a 'java/security/PrivilegedActionException'> (0x00000000d6bed4f0) thrown at [C:\cygwin64\tmp\openjdk-jdk8u-windows-x64-hotspot\workspace\build\src\hotspot\src\share\vm\prims\jvm.cpp, line 1502]
Event: 2.681 Thread 0x000001c7ca64c000 Exception <a 'java/security/PrivilegedActionException'> (0x00000000d6bee118) thrown at [C:\cygwin64\tmp\openjdk-jdk8u-windows-x64-hotspot\workspace\build\src\hotspot\src\share\vm\prims\jvm.cpp, line 1502]
Event: 6.130 Thread 0x000001c7ca64c000 Implicit null exception at 0x000001c7b5b85373 to 0x000001c7b5b85c59

Events (10 events):
Event: 52.596 Thread 0x000001c7ca64e000 flushing nmethod 0x000001c7b55ae010
Event: 52.596 Thread 0x000001c7ca64e000 flushing nmethod 0x000001c7b55d3810
Event: 53.419 Executing VM operation: ParallelGCFailedAllocation
Event: 53.432 Executing VM operation: ParallelGCFailedAllocation done
Event: 56.748 Thread 0x000001c7ca64c000 Uncommon trap: trap_request=0xffffffd6 fr.pc=0x000001c7b5d64fd4
Event: 56.748 Thread 0x000001c7ca64c000 DEOPT PACKING pc=0x000001c7b5d64fd4 sp=0x000000a7a99fed20
Event: 56.748 Thread 0x000001c7ca64c000 DEOPT UNPACKING pc=0x000001c7b54c5583 sp=0x000000a7a99fed10 mode 2
Event: 56.748 Thread 0x000001c7ca64c000 Uncommon trap: trap_request=0xffffffd6 fr.pc=0x000001c7b5d64fd4
Event: 56.748 Thread 0x000001c7ca64c000 DEOPT PACKING pc=0x000001c7b5d64fd4 sp=0x000000a7a99fed20
Event: 56.748 Thread 0x000001c7ca64c000 DEOPT UNPACKING pc=0x000001c7b54c5583 sp=0x000000a7a99fed10 mode 2


Dynamic libraries:
0x00007ff76c880000 - 0x00007ff76c8ba000 	C:\Program Files\jmonkeyplatform\jdk\bin\java.exe
0x00007ff993480000 - 0x00007ff993661000 	C:\Windows\SYSTEM32\ntdll.dll
0x00007ff991ed0000 - 0x00007ff991f81000 	C:\Windows\System32\KERNEL32.DLL
0x00007ff990170000 - 0x00007ff9903e3000 	C:\Windows\System32\KERNELBASE.dll
0x00007ff991090000 - 0x00007ff991131000 	C:\Windows\System32\ADVAPI32.dll
0x00007ff9918d0000 - 0x00007ff99196e000 	C:\Windows\System32\msvcrt.dll
0x00007ff991140000 - 0x00007ff99119b000 	C:\Windows\System32\sechost.dll
0x00007ff9911a0000 - 0x00007ff9912c4000 	C:\Windows\System32\RPCRT4.dll
0x00007ff991c70000 - 0x00007ff991e00000 	C:\Windows\System32\USER32.dll
0x00007ff98f840000 - 0x00007ff98f860000 	C:\Windows\System32\win32u.dll
0x00007ff990900000 - 0x00007ff990928000 	C:\Windows\System32\GDI32.dll
0x00007ff9903f0000 - 0x00007ff990581000 	C:\Windows\System32\gdi32full.dll
0x00007ff990860000 - 0x00007ff9908ff000 	C:\Windows\System32\msvcp_win.dll
0x00007ff98f860000 - 0x00007ff98f958000 	C:\Windows\System32\ucrtbase.dll
0x00007ff97fb20000 - 0x00007ff97fd89000 	C:\Windows\WinSxS\amd64_microsoft.windows.common-controls_6595b64144ccf1df_6.0.17134.1006_none_d3fbb8f77c940c3f\COMCTL32.dll
0x00007ff9915a0000 - 0x00007ff9918c1000 	C:\Windows\System32\combase.dll
0x00007ff9907e0000 - 0x00007ff990859000 	C:\Windows\System32\bcryptPrimitives.dll
0x00007ff991ba0000 - 0x00007ff991bcd000 	C:\Windows\System32\IMM32.DLL
0x00007ff97d520000 - 0x00007ff97d60f000 	C:\Program Files\jmonkeyplatform\jdk\jre\bin\msvcr120.dll
0x00007ff97d7b0000 - 0x00007ff97d856000 	C:\Program Files\jmonkeyplatform\jdk\jre\bin\msvcp120.dll
0x0000000060af0000 - 0x00000000612eb000 	C:\Program Files\jmonkeyplatform\jdk\jre\bin\server\jvm.dll
0x00007ff991f90000 - 0x00007ff991f98000 	C:\Windows\System32\PSAPI.DLL
0x00007ff97c0a0000 - 0x00007ff97c0a9000 	C:\Windows\SYSTEM32\WSOCK32.dll
0x00007ff98d3f0000 - 0x00007ff98d413000 	C:\Windows\SYSTEM32\WINMM.dll
0x00007ff9894c0000 - 0x00007ff9894ca000 	C:\Windows\SYSTEM32\VERSION.dll
0x00007ff991e00000 - 0x00007ff991e6c000 	C:\Windows\System32\WS2_32.dll
0x00007ff98cf10000 - 0x00007ff98cf3a000 	C:\Windows\SYSTEM32\winmmbase.dll
0x00007ff98f960000 - 0x00007ff98f9a9000 	C:\Windows\System32\cfgmgr32.dll
0x00007ff98bbb0000 - 0x00007ff98bbbf000 	C:\Program Files\jmonkeyplatform\jdk\jre\bin\verify.dll
0x00007ff98aa20000 - 0x00007ff98aa48000 	C:\Program Files\jmonkeyplatform\jdk\jre\bin\java.dll
0x00007ff98bac0000 - 0x00007ff98bad6000 	C:\Program Files\jmonkeyplatform\jdk\jre\bin\zip.dll
0x00007ff992000000 - 0x00007ff993442000 	C:\Windows\System32\SHELL32.dll
0x00007ff9914f0000 - 0x00007ff991599000 	C:\Windows\System32\shcore.dll
0x00007ff98f9b0000 - 0x00007ff9900be000 	C:\Windows\System32\windows.storage.dll
0x00007ff991fa0000 - 0x00007ff991ff1000 	C:\Windows\System32\shlwapi.dll
0x00007ff98f7a0000 - 0x00007ff98f7b1000 	C:\Windows\System32\kernel.appcore.dll
0x00007ff98f780000 - 0x00007ff98f79f000 	C:\Windows\System32\profapi.dll
0x00007ff98f7d0000 - 0x00007ff98f81c000 	C:\Windows\System32\powrprof.dll
0x00007ff98f7c0000 - 0x00007ff98f7ca000 	C:\Windows\System32\FLTLIB.DLL
0x00007ff97c8c0000 - 0x00007ff97ca55000 	C:\Program Files\jmonkeyplatform\jdk\jre\bin\awt.dll
0x00007ff9913c0000 - 0x00007ff991482000 	C:\Windows\System32\OLEAUT32.dll
0x00007ff98d620000 - 0x00007ff98d6ab000 	C:\Windows\SYSTEM32\apphelp.dll
0x00007ff98d880000 - 0x00007ff98d918000 	C:\Windows\system32\uxtheme.dll
0x00007ff991a20000 - 0x00007ff991b93000 	C:\Windows\System32\MSCTF.dll
0x00007ff98db20000 - 0x00007ff98db49000 	C:\Windows\system32\dwmapi.dll
0x00007ff990f20000 - 0x00007ff991071000 	C:\Windows\System32\ole32.dll
0x00007ff96be30000 - 0x00007ff96bf50000 	C:\Windows\system32\opengl32.dll
0x00007ff96dc30000 - 0x00007ff96dc5c000 	C:\Windows\SYSTEM32\GLU32.dll
0x00007ff97d3e0000 - 0x00007ff97d473000 	C:\Program Files\jmonkeyplatform\jdk\jre\bin\freetype.dll
0x00007ff97d100000 - 0x00007ff97d1bc000 	C:\Program Files\jmonkeyplatform\jdk\jre\bin\fontmanager.dll
0x00007ff989600000 - 0x00007ff98961a000 	C:\Program Files\jmonkeyplatform\jdk\jre\bin\net.dll
0x00007ff981280000 - 0x00007ff98144a000 	C:\Windows\SYSTEM32\urlmon.dll
0x00007ff982040000 - 0x00007ff9822e7000 	C:\Windows\SYSTEM32\iertutil.dll
0x00007ff98f1b0000 - 0x00007ff98f1bb000 	C:\Windows\SYSTEM32\CRYPTBASE.DLL
0x00007ff98f000000 - 0x00007ff98f066000 	C:\Windows\system32\mswsock.dll
0x00007ff9895e0000 - 0x00007ff9895f2000 	C:\Program Files\jmonkeyplatform\jdk\jre\bin\nio.dll
0x00007ff986ee0000 - 0x00007ff986f76000 	C:\Windows\System32\TextInputFramework.dll
0x00007ff98a1f0000 - 0x00007ff98a50e000 	C:\Windows\System32\CoreUIComponents.dll
0x00007ff98d280000 - 0x00007ff98d35a000 	C:\Windows\System32\CoreMessaging.dll
0x00007ff98e840000 - 0x00007ff98e871000 	C:\Windows\SYSTEM32\ntmarta.dll
0x00007ff98b160000 - 0x00007ff98b2ad000 	C:\Windows\SYSTEM32\wintypes.dll
0x00007ff95faa0000 - 0x00007ff95fc72000 	C:\Users\steph\OneDrive\Documents\GitHub\NEUROSNAKE3D\NeuronSnake3d\bulletjme.dll
0x0000000180000000 - 0x0000000180064000 	C:\Users\steph\OneDrive\Documents\GitHub\NEUROSNAKE3D\NeuronSnake3d\OpenAL64.dll
0x000001c7ce210000 - 0x000001c7ce263000 	C:\Users\steph\OneDrive\Documents\GitHub\NEUROSNAKE3D\NeuronSnake3d\lwjgl64.dll
0x00007ff93ac40000 - 0x00007ff93bad3000 	C:\Windows\System32\DriverStore\FileRepository\iigd_dch_base.inf_amd64_b95c9a044993331b\ig9icd64.dll
0x00007ff98e4c0000 - 0x00007ff98e57b000 	C:\Windows\system32\dxgi.dll
0x00007ff97fd90000 - 0x00007ff97fe38000 	C:\Windows\SYSTEM32\mscms.dll
0x00007ff98f6b0000 - 0x00007ff98f6d8000 	C:\Windows\SYSTEM32\USERENV.dll
0x00007ff9877c0000 - 0x00007ff9877d0000 	C:\Windows\SYSTEM32\ColorAdapterClient.dll
0x00007ff94de80000 - 0x00007ff94dec3000 	C:\Windows\SYSTEM32\icm32.dll
0x00007ff9532e0000 - 0x00007ff9533c2000 	C:\Windows\System32\DriverStore\FileRepository\iigd_dch_base.inf_amd64_b95c9a044993331b\igdgmm64.dll
0x00007ff9837d0000 - 0x00007ff985735000 	C:\Windows\System32\DriverStore\FileRepository\iigd_dch_base.inf_amd64_b95c9a044993331b\igc64.dll
0x00007ff991970000 - 0x00007ff991a10000 	C:\Windows\System32\clbcatq.dll
0x00007ff988630000 - 0x00007ff9886a6000 	C:\Windows\System32\MMDevApi.dll
0x00007ff98f590000 - 0x00007ff98f5b7000 	C:\Windows\System32\DEVOBJ.dll
0x00007ff98bdf0000 - 0x00007ff98bfa5000 	C:\Windows\System32\PROPSYS.dll
0x00007ff947120000 - 0x00007ff9471af000 	C:\Windows\SYSTEM32\dsound.dll
0x00007ff97f1a0000 - 0x00007ff97f2cc000 	C:\Windows\SYSTEM32\AUDIOSES.DLL
0x00007ff98aef0000 - 0x00007ff98aefa000 	C:\Windows\SYSTEM32\AVRT.dll
0x00007ff987a20000 - 0x00007ff987a4a000 	C:\Program Files\jmonkeyplatform\jdk\jre\bin\jpeg.dll

VM Arguments:
jvm_args: -Dfile.encoding=UTF-8 
java_command: mygame.Main
java_class_path (initial): C:\Program Files\jmonkeyplatform\jmonkeyplatform\libs\jme3-jogg-3.2.4-stable.jar;C:\Program Files\jmonkeyplatform\jmonkeyplatform\libs\j-ogg-all-1.0.0.jar;C:\Program Files\jmonkeyplatform\jmonkeyplatform\libs\jme3-networking-3.2.4-stable.jar;C:\Program Files\jmonkeyplatform\jmonkeyplatform\libs\jme3-plugins-3.2.4-stable.jar;C:\Program Files\jmonkeyplatform\jmonkeyplatform\libs\gson-2.8.1.jar;C:\Program Files\jmonkeyplatform\jmonkeyplatform\libs\jme3-core-3.2.4-stable.jar;C:\Program Files\jmonkeyplatform\jmonkeyplatform\libs\jme3-desktop-3.2.4-stable.jar;C:\Program Files\jmonkeyplatform\jmonkeyplatform\libs\jme3-lwjgl-3.2.4-stable.jar;C:\Program Files\jmonkeyplatform\jmonkeyplatform\libs\lwjgl-2.9.3.jar;C:\Program Files\jmonkeyplatform\jmonkeyplatform\libs\jinput-2.0.5.jar;C:\Program Files\jmonkeyplatform\jmonkeyplatform\libs\jinput-platform-2.0.5-natives-linux.jar;C:\Program Files\jmonkeyplatform\jmonkeyplatform\libs\jinput-platform-2.0.5-natives-windows.jar;C:\Program Files\jmonkeyplatform\jmonkeyplatform\libs\jinput-platform-2.0.5-natives-osx.jar;C:\Program Files\jmonkeyplatform\jmonkeyplatform\libs\jutils-1.0.0.jar;C:\Program Files\jmonkeyplatform\jmonkeyplatform\libs\lwjgl-platform-2.9.3-natives-windows.jar;C:\Program Files\jmonkeyplatform\jmonkeyplatform\libs\lwjgl-platform-2.9.3-natives-linux.jar;C:\Program Files\jmonkeyplatform\jmonkeyplatform\libs\lwjgl-platform-2.9.3-natives-osx.jar;C:\Program Files\jmonkeyplatform\jmonkeyplatform\libs\jme3-effects-3.2.4-stable.jar;C:\Program Files\jmonkeyplatform\jmonkeyplatform\libs\jme3-terrain-3.2.4-stable.jar;C:\Program Files\jmonkeyplatform\jmonkeyplatform\libs\jme3-bullet-3.2.4-stable.jar;C:\Program Files\jmonkeyplatform\jmonkeyplatform\libs\jme3-bullet-native-3.2.4-stable.jar;C:\Program Files\jmonkeyplatform\jmonkeyplatform\libs\jme3-testdata.jar;C:\Users\steph\OneDrive\Documents\GitHub\NEUROSNAKE3D\NeuronSnake3d\build\classes;C:\Users\steph\OneDrive\Documents\GitHub\NEUROSNAKE3D\NeuronS
Launcher Type: SUN_STANDARD

Environment Variables:
PATH=C:\Windows\system32;C:\Windows;C:\Windows\System32\Wbem;C:\Windows\System32\WindowsPowerShell\v1.0\;C:\Windows\System32\OpenSSH\;C:\Users\steph\AppData\Local\Microsoft\WindowsApps;C:\Users\steph\AppData\Local\GitHubDesktop\bin
USERNAME=steph
OS=Windows_NT
PROCESSOR_IDENTIFIER=Intel64 Family 6 Model 158 Stepping 9, GenuineIntel



---------------  S Y S T E M  ---------------

OS: Windows 10.0 , 64 bit Build 17134 (10.0.17134.753)

CPU:total 8 (initial active 8) (4 cores per cpu, 2 threads per core) family 6 model 158 stepping 9, cmov, cx8, fxsr, mmx, sse, sse2, sse3, ssse3, sse4.1, sse4.2, popcnt, avx, avx2, aes, clmul, erms, 3dnowpref, lzcnt, ht, tsc, tscinvbit, bmi1, bmi2, adx

Memory: 4k page, physical 8271076k(1853792k free), swap 8271076k(5192k free)

vm_info: OpenJDK 64-Bit Server VM (25.212-b04) for windows-amd64 JRE (1.8.0_212-b04), built on Jun  3 2019 21:11:11 by "jenkins" with MS VC++ 12.0 (VS2013)

time: Thu Oct 03 18:20:53 2019
timezone: W. Europe Daylight Time
elapsed time: 56 seconds (0d 0h 0m 56s)

